2017-07-11T15:05:32.646-0400 Received TestBed Message: TimeStamp: 1499799932646 X Position: 198 X Actual Speed: 0 Y Position: 158 Y Actual Speed: 0.025 Z Position: 119 Z Actual Speed: 0
2017-07-11T15:05:32.646-0400 Received TestBed Message: TimeStamp: 1499799932646 X Position: 198 X Actual Speed: 0 Y Position: 158 Y Actual Speed: 0.025 Z Position: 119 Z Actual Speed: 0
2017-07-11T15:05:32.646-0400 Received TestBed Message: TimeStamp: 1499799932646 X Position: 198 X Actual Speed: 0 Y Position: 158 Y Actual Speed: 0.025 Z Position: 119 Z Actual Speed: 0
2017-07-11T15:05:33.045-0400 Received TestBed Message: TimeStamp: 1499799933045 X Position: 198.0001 X Actual Speed: 0.05 Y Position: 158 Y Actual Speed: 0.025 Z Position: 119 Z Actual Speed: 0
2017-07-11T15:05:33.445-0400 Received TestBed Message: TimeStamp: 1499799933445 X Position: 198.0001 X Actual Speed: 0.05 Y Position: 158 Y Actual Speed: 0.025 Z Position: 119 Z Actual Speed: 0
2017-07-11T15:05:32.946-0400 Received TestBed Message: TimeStamp: 1499799932946 X Position: 198 X Actual Speed: 0.025 Y Position: 158 Y Actual Speed: 0.025 Z Position: 119 Z Actual Speed: 0
2017-07-11T15:05:33.345-0400 Received TestBed Message: TimeStamp: 1499799933345 X Position: 198 X Actual Speed: 0.025 Y Position: 158 Y Actual Speed: 0.025 Z Position: 119 Z Actual Speed: 0
2017-07-11T15:05:33.246-0400 Received TestBed Message: TimeStamp: 1499799933246 X Position: 198.0001 X Actual Speed: 0.05 Y Position: 158 Y Actual Speed: 0.025 Z Position: 119 Z Actual Speed: 0
2017-07-11T15:05:32.845-0400 Received TestBed Message: TimeStamp: 1499799932845 X Position: 198 X Actual Speed: 0.025 Y Position: 158 Y Actual Speed: 0.025 Z Position: 119 Z Actual Speed: 0
2017-07-11T15:05:33.146-0400 Received TestBed Message: TimeStamp: 1499799933146 X Position: 198.0001 X Actual Speed: 0.05 Y Position: 158 Y Actual Speed: 0.025 Z Position: 119 Z Actual Speed: 0
2017-07-11T15:05:32.745-0400 Received TestBed Message: TimeStamp: 1499799932745 X Position: 198 X Actual Speed: 0 Y Position: 158 Y Actual Speed: 0.025 Z Position: 119 Z Actual Speed: 0
2017-07-11T15:05:32.552-0400 Received TestBed Message: TimeStamp: 1499799932552 X Position: 198 X Actual Speed: 0.025 Y Position: 158 Y Actual Speed: 0.025 Z Position: 119 Z Actual Speed: 0
2017-07-11T15:05:36.549-0400 Received TestBed Message: TimeStamp: 1499799936549 X Position: 198 X Actual Speed: 0 Y Position: 157.9999 Y Actual Speed: -0.05 Z Position: 119 Z Actual Speed: 0
2017-07-11T15:05:35.652-0400 Received TestBed Message: TimeStamp: 1499799935652 X Position: 198.0001 X Actual Speed: 0.025 Y Position: 158 Y Actual Speed: 0 Z Position: 119 Z Actual Speed: 0
2017-07-11T15:05:36.148-0400 Received TestBed Message: TimeStamp: 1499799936148 X Position: 197.9999 X Actual Speed: -0.05 Y Position: 158 Y Actual Speed: 0 Z Position: 119 Z Actual Speed: 0
2017-07-11T15:05:36.049-0400 Received TestBed Message: TimeStamp: 1499799936049 X Position: 198 X Actual Speed: -0.025 Y Position: 158 Y Actual Speed: 0 Z Position: 119 Z Actual Speed: 0
2017-07-11T15:05:36.448-0400 Received TestBed Message: TimeStamp: 1499799936448 X Position: 197.9999 X Actual Speed: -0.05 Y Position: 158 Y Actual Speed: 0 Z Position: 119 Z Actual Speed: 0
2017-07-11T15:05:35.854-0400 Received TestBed Message: TimeStamp: 1499799935854 X Position: 197.9999 X Actual Speed: -0.05 Y Position: 157.9999 Y Actual Speed: -0.025 Z Position: 119 Z Actual Speed: 0
2017-07-11T15:05:35.949-0400 Received TestBed Message: TimeStamp: 1499799935949 X Position: 197.9999 X Actual Speed: -0.05 Y Position: 157.9999 Y Actual Speed: -0.025 Z Position: 119 Z Actual Speed: 0
2017-07-11T15:05:36.348-0400 Received TestBed Message: TimeStamp: 1499799936348 X Position: 198 X Actual Speed: -0.025 Y Position: 158 Y Actual Speed: 0 Z Position: 119 Z Actual Speed: 0
2017-07-11T15:05:35.753-0400 Received TestBed Message: TimeStamp: 1499799935753 X Position: 198.0001 X Actual Speed: 0.025 Y Position: 158.0001 Y Actual Speed: 0.05 Z Position: 119 Z Actual Speed: 0
2017-07-11T15:05:36.248-0400 Received TestBed Message: TimeStamp: 1499799936248 X Position: 197.9999 X Actual Speed: -0.075 Y Position: 158 Y Actual Speed: 0 Z Position: 119 Z Actual Speed: 0
2017-07-11T15:05:38.854-0400 Received TestBed Message: TimeStamp: 1499799938854 X Position: 198.0001 X Actual Speed: 0.05 Y Position: 158 Y Actual Speed: 0.025 Z Position: 119 Z Actual Speed: 0
2017-07-11T15:05:39.253-0400 Received TestBed Message: TimeStamp: 1499799939253 X Position: 198.0001 X Actual Speed: 0.05 Y Position: 158.0001 Y Actual Speed: 0.05 Z Position: 119 Z Actual Speed: 0
2017-07-11T15:05:39.154-0400 Received TestBed Message: TimeStamp: 1499799939154 X Position: 198.0001 X Actual Speed: 0.025 Y Position: 158 Y Actual Speed: 0.025 Z Position: 119 Z Actual Speed: 0
2017-07-11T15:05:38.753-0400 Received TestBed Message: TimeStamp: 1499799938753 X Position: 198.0001 X Actual Speed: 0.05 Y Position: 158.0001 Y Actual Speed: 0.05 Z Position: 119 Z Actual Speed: 0
2017-07-11T15:05:39.457-0400 Received TestBed Message: TimeStamp: 1499799939457 X Position: 198.0001 X Actual Speed: 0.05 Y Position: 158 Y Actual Speed: 0 Z Position: 119 Z Actual Speed: 0
2017-07-11T15:05:39.553-0400 Received TestBed Message: TimeStamp: 1499799939553 X Position: 198.0002 X Actual Speed: 0.075 Y Position: 158 Y Actual Speed: 0 Z Position: 119 Z Actual Speed: 0
2017-07-11T15:05:38.654-0400 Received TestBed Message: TimeStamp: 1499799938654 X Position: 198.0002 X Actual Speed: 0.075 Y Position: 158.0001 Y Actual Speed: 0.025 Z Position: 119 Z Actual Speed: 0
2017-07-11T15:05:39.052-0400 Received TestBed Message: TimeStamp: 1499799939052 X Position: 198.0001 X Actual Speed: 0.05 Y Position: 158.0001 Y Actual Speed: 0.05 Z Position: 119 Z Actual Speed: 0
2017-07-11T15:05:38.952-0400 Received TestBed Message: TimeStamp: 1499799938952 X Position: 198.0002 X Actual Speed: 0.075 Y Position: 158 Y Actual Speed: 0 Z Position: 119 Z Actual Speed: 0
2017-07-11T15:05:39.352-0400 Received TestBed Message: TimeStamp: 1499799939352 X Position: 198.0001 X Actual Speed: 0.05 Y Position: 158.0001 Y Actual Speed: 0.05 Z Position: 119 Z Actual Speed: 0
2017-07-11T15:05:41.956-0400 Received TestBed Message: TimeStamp: 1499799941956 X Position: 198 X Actual Speed: 0 Y Position: 157.9999 Y Actual Speed: -0.05 Z Position: 119 Z Actual Speed: 0
2017-07-11T15:05:42.356-0400 Received TestBed Message: TimeStamp: 1499799942356 X Position: 198 X Actual Speed: -0.05 Y Position: 157.9999 Y Actual Speed: -0.05 Z Position: 119 Z Actual Speed: 0
2017-07-11T15:05:41.856-0400 Received TestBed Message: TimeStamp: 1499799941856 X Position: 198 X Actual Speed: -0.025 Y Position: 157.9999 Y Actual Speed: -0.05 Z Position: 119 Z Actual Speed: 0
2017-07-11T15:05:42.256-0400 Received TestBed Message: TimeStamp: 1499799942256 X Position: 198 X Actual Speed: -0.025 Y Position: 157.9999 Y Actual Speed: -0.05 Z Position: 119 Z Actual Speed: 0
2017-07-11T15:05:41.757-0400 Received TestBed Message: TimeStamp: 1499799941757 X Position: 197.9999 X Actual Speed: -0.075 Y Position: 157.9999 Y Actual Speed: -0.05 Z Position: 119 Z Actual Speed: 0
2017-07-11T15:05:42.156-0400 Received TestBed Message: TimeStamp: 1499799942156 X Position: 197.9999 X Actual Speed: -0.09999999 Y Position: 157.9999 Y Actual Speed: -0.05 Z Position: 119 Z Actual Speed: 0
2017-07-11T15:05:42.556-0400 Received TestBed Message: TimeStamp: 1499799942556 X Position: 197.9999 X Actual Speed: -0.075 Y Position: 157.9999 Y Actual Speed: -0.05 Z Position: 119 Z Actual Speed: 0
2017-07-11T15:05:42.457-0400 Received TestBed Message: TimeStamp: 1499799942457 X Position: 197.9999 X Actual Speed: -0.075 Y Position: 157.9999 Y Actual Speed: -0.075 Z Position: 119 Z Actual Speed: 0
2017-07-11T15:05:41.656-0400 Received TestBed Message: TimeStamp: 1499799941656 X Position: 197.9999 X Actual Speed: -0.075 Y Position: 157.9999 Y Actual Speed: -0.075 Z Position: 119 Z Actual Speed: 0
2017-07-11T15:05:42.056-0400 Received TestBed Message: TimeStamp: 1499799942056 X Position: 197.9999 X Actual Speed: -0.075 Y Position: 157.9999 Y Actual Speed: -0.05 Z Position: 119 Z Actual Speed: 0
2017-07-11T15:05:45.462-0400 Received TestBed Message: TimeStamp: 1499799945462 X Position: 197.9999 X Actual Speed: -0.075 Y Position: 157.9999 Y Actual Speed: -0.05 Z Position: 119 Z Actual Speed: 0
2017-07-11T15:05:45.365-0400 Received TestBed Message: TimeStamp: 1499799945365 X Position: 198 X Actual Speed: -0.025 Y Position: 157.9999 Y Actual Speed: -0.025 Z Position: 119 Z Actual Speed: 0
2017-07-11T15:05:44.962-0400 Received TestBed Message: TimeStamp: 1499799944962 X Position: 197.9999 X Actual Speed: -0.075 Y Position: 157.9998 Y Actual Speed: -0.075 Z Position: 119 Z Actual Speed: 0
2017-07-11T15:05:44.863-0400 Received TestBed Message: TimeStamp: 1499799944863 X Position: 197.9999 X Actual Speed: -0.075 Y Position: 157.9999 Y Actual Speed: -0.075 Z Position: 119 Z Actual Speed: 0
2017-07-11T15:05:45.263-0400 Received TestBed Message: TimeStamp: 1499799945263 X Position: 198.0001 X Actual Speed: 0.025 Y Position: 158 Y Actual Speed: 0.025 Z Position: 119 Z Actual Speed: 0
2017-07-11T15:05:44.765-0400 Received TestBed Message: TimeStamp: 1499799944765 X Position: 198 X Actual Speed: -0.05 Y Position: 158 Y Actual Speed: -0.025 Z Position: 119 Z Actual Speed: 0
2017-07-11T15:05:45.564-0400 Received TestBed Message: TimeStamp: 1499799945564 X Position: 198 X Actual Speed: -0.05 Y Position: 157.9998 Y Actual Speed: -0.05 Z Position: 119 Z Actual Speed: 0
2017-07-11T15:05:44.666-0400 Received TestBed Message: TimeStamp: 1499799944666 X Position: 198 X Actual Speed: 0 Y Position: 158 Y Actual Speed: 0 Z Position: 119 Z Actual Speed: 0
2017-07-11T15:05:45.162-0400 Received TestBed Message: TimeStamp: 1499799945162 X Position: 197.9999 X Actual Speed: -0.09999999 Y Position: 157.9999 Y Actual Speed: -0.075 Z Position: 119 Z Actual Speed: 0
2017-07-11T15:05:45.065-0400 Received TestBed Message: TimeStamp: 1499799945065 X Position: 197.9999 X Actual Speed: -0.075 Y Position: 157.9998 Y Actual Speed: -0.09999999 Z Position: 119 Z Actual Speed: 0
2017-07-11T15:05:47.862-0400 Received TestBed Message: TimeStamp: 1499799947862 X Position: 198.0001 X Actual Speed: 0.05 Y Position: 158 Y Actual Speed: 0.05 Z Position: 119 Z Actual Speed: 0
2017-07-11T15:05:48.164-0400 Received TestBed Message: TimeStamp: 1499799948164 X Position: 197.9999 X Actual Speed: -0.075 Y Position: 157.9999 Y Actual Speed: -0.025 Z Position: 119 Z Actual Speed: 0
2017-07-11T15:05:48.564-0400 Received TestBed Message: TimeStamp: 1499799948564 X Position: 198.0001 X Actual Speed: 0.05 Y Position: 158.0001 Y Actual Speed: 0.075 Z Position: 119 Z Actual Speed: 0
2017-07-11T15:05:47.765-0400 Received TestBed Message: TimeStamp: 1499799947765 X Position: 197.9999 X Actual Speed: -0.075 Y Position: 157.9999 Y Actual Speed: -0.025 Z Position: 119 Z Actual Speed: 0
2017-07-11T15:05:48.464-0400 Received TestBed Message: TimeStamp: 1499799948464 X Position: 198.0001 X Actual Speed: 0.075 Y Position: 158.0001 Y Actual Speed: 0.075 Z Position: 119 Z Actual Speed: 0
2017-07-11T15:05:48.065-0400 Received TestBed Message: TimeStamp: 1499799948065 X Position: 197.9999 X Actual Speed: -0.05 Y Position: 157.9999 Y Actual Speed: -0.05 Z Position: 119 Z Actual Speed: 0
2017-07-11T15:05:47.662-0400 Received TestBed Message: TimeStamp: 1499799947662 X Position: 197.9999 X Actual Speed: -0.09999999 Y Position: 157.9998 Y Actual Speed: -0.075 Z Position: 119 Z Actual Speed: 0
2017-07-11T15:05:48.365-0400 Received TestBed Message: TimeStamp: 1499799948365 X Position: 197.9999 X Actual Speed: -0.05 Y Position: 157.9998 Y Actual Speed: -0.05 Z Position: 119 Z Actual Speed: 0
2017-07-11T15:05:47.962-0400 Received TestBed Message: TimeStamp: 1499799947962 X Position: 197.9999 X Actual Speed: -0.09999999 Y Position: 157.9998 Y Actual Speed: -0.09999999 Z Position: 119 Z Actual Speed: 0
2017-07-11T15:05:48.264-0400 Received TestBed Message: TimeStamp: 1499799948264 X Position: 198.0002 X Actual Speed: 0.075 Y Position: 158.0001 Y Actual Speed: 0.075 Z Position: 119 Z Actual Speed: 0
2017-07-11T15:05:50.774-0400 Received TestBed Message: TimeStamp: 1499799950774 X Position: 197.9999 X Actual Speed: -0.075 Y Position: 157.9999 Y Actual Speed: -0.05 Z Position: 119 Z Actual Speed: 0
2017-07-11T15:05:51.174-0400 Received TestBed Message: TimeStamp: 1499799951174 X Position: 197.9999 X Actual Speed: -0.05 Y Position: 157.9999 Y Actual Speed: -0.05 Z Position: 119 Z Actual Speed: 0
2017-07-11T15:05:50.679-0400 Received TestBed Message: TimeStamp: 1499799950679 X Position: 198 X Actual Speed: -0.025 Y Position: 157.9999 Y Actual Speed: -0.05 Z Position: 119 Z Actual Speed: 0
2017-07-11T15:05:51.074-0400 Received TestBed Message: TimeStamp: 1499799951074 X Position: 197.9999 X Actual Speed: -0.05 Y Position: 157.9999 Y Actual Speed: -0.05 Z Position: 119 Z Actual Speed: 0
2017-07-11T15:05:51.475-0400 Received TestBed Message: TimeStamp: 1499799951475 X Position: 197.9999 X Actual Speed: -0.075 Y Position: 157.9998 Y Actual Speed: -0.075 Z Position: 119 Z Actual Speed: 0
2017-07-11T15:05:51.374-0400 Received TestBed Message: TimeStamp: 1499799951374 X Position: 198 X Actual Speed: -0.05 Y Position: 158 Y Actual Speed: -0.025 Z Position: 119 Z Actual Speed: 0
2017-07-11T15:05:50.975-0400 Received TestBed Message: TimeStamp: 1499799950975 X Position: 197.9999 X Actual Speed: -0.075 Y Position: 157.9999 Y Actual Speed: -0.075 Z Position: 119 Z Actual Speed: 0
2017-07-11T15:05:50.874-0400 Received TestBed Message: TimeStamp: 1499799950874 X Position: 197.9999 X Actual Speed: -0.075 Y Position: 157.9999 Y Actual Speed: -0.05 Z Position: 119 Z Actual Speed: 0
2017-07-11T15:05:51.275-0400 Received TestBed Message: TimeStamp: 1499799951275 X Position: 197.9999 X Actual Speed: -0.075 Y Position: 157.9999 Y Actual Speed: -0.05 Z Position: 119 Z Actual Speed: 0
2017-07-11T15:05:51.675-0400 Received TestBed Message: TimeStamp: 1499799951675 X Position: 197.9999 X Actual Speed: -0.05 Y Position: 157.9998 Y Actual Speed: -0.075 Z Position: 119 Z Actual Speed: 0
2017-07-11T15:05:51.576-0400 Received TestBed Message: TimeStamp: 1499799951576 X Position: 197.9999 X Actual Speed: -0.05 Y Position: 157.9999 Y Actual Speed: -0.075 Z Position: 119 Z Actual Speed: 0
2017-07-11T15:05:54.374-0400 Received TestBed Message: TimeStamp: 1499799954374 X Position: 197.9999 X Actual Speed: -0.075 Y Position: 157.9998 Y Actual Speed: -0.075 Z Position: 119 Z Actual Speed: 0
2017-07-11T15:05:54.277-0400 Received TestBed Message: TimeStamp: 1499799954277 X Position: 198.0001 X Actual Speed: 0.05 Y Position: 158 Y Actual Speed: 0.025 Z Position: 119 Z Actual Speed: 0
2017-07-11T15:05:53.875-0400 Received TestBed Message: TimeStamp: 1499799953875 X Position: 197.9999 X Actual Speed: -0.075 Y Position: 157.9998 Y Actual Speed: -0.075 Z Position: 119 Z Actual Speed: 0
2017-07-11T15:05:54.675-0400 Received TestBed Message: TimeStamp: 1499799954675 X Position: 197.9999 X Actual Speed: -0.075 Y Position: 157.9997 Y Actual Speed: -0.125 Z Position: 119 Z Actual Speed: 0
2017-07-11T15:05:54.576-0400 Received TestBed Message: TimeStamp: 1499799954576 X Position: 197.9999 X Actual Speed: -0.09999999 Y Position: 157.9998 Y Actual Speed: -0.09999999 Z Position: 119 Z Actual Speed: 0
2017-07-11T15:05:53.774-0400 Received TestBed Message: TimeStamp: 1499799953774 X Position: 197.9999 X Actual Speed: -0.075 Y Position: 157.9998 Y Actual Speed: -0.09999999 Z Position: 119 Z Actual Speed: 0
2017-07-11T15:05:54.175-0400 Received TestBed Message: TimeStamp: 1499799954175 X Position: 197.9999 X Actual Speed: -0.09999999 Y Position: 157.9998 Y Actual Speed: -0.09999999 Z Position: 119 Z Actual Speed: 0
2017-07-11T15:05:54.474-0400 Received TestBed Message: TimeStamp: 1499799954474 X Position: 197.9999 X Actual Speed: -0.09999999 Y Position: 157.9998 Y Actual Speed: -0.125 Z Position: 119 Z Actual Speed: 0
2017-07-11T15:05:54.075-0400 Received TestBed Message: TimeStamp: 1499799954075 X Position: 197.9999 X Actual Speed: -0.09999999 Y Position: 157.9998 Y Actual Speed: -0.075 Z Position: 119 Z Actual Speed: 0
2017-07-11T15:05:53.977-0400 Received TestBed Message: TimeStamp: 1499799953977 X Position: 197.9999 X Actual Speed: -0.09999999 Y Position: 157.9998 Y Actual Speed: -0.075 Z Position: 119 Z Actual Speed: 0
2017-07-11T15:05:57.077-0400 Received TestBed Message: TimeStamp: 1499799957077 X Position: 198.0002 X Actual Speed: 0.09999999 Y Position: 158.0001 Y Actual Speed: 0.075 Z Position: 119 Z Actual Speed: 0
2017-07-11T15:05:57.477-0400 Received TestBed Message: TimeStamp: 1499799957477 X Position: 198.0003 X Actual Speed: 0.125 Y Position: 158.0001 Y Actual Speed: 0.075 Z Position: 119 Z Actual Speed: 0
2017-07-11T15:05:56.977-0400 Received TestBed Message: TimeStamp: 1499799956977 X Position: 198.0003 X Actual Speed: 0.09999999 Y Position: 158.0001 Y Actual Speed: 0.075 Z Position: 119 Z Actual Speed: 0
2017-07-11T15:05:57.377-0400 Received TestBed Message: TimeStamp: 1499799957377 X Position: 198.0002 X Actual Speed: 0.075 Y Position: 158 Y Actual Speed: 0.05 Z Position: 119 Z Actual Speed: 0
2017-07-11T15:05:57.276-0400 Received TestBed Message: TimeStamp: 1499799957276 X Position: 197.9999 X Actual Speed: -0.09999999 Y Position: 157.9997 Y Actual Speed: -0.15 Z Position: 119 Z Actual Speed: 0
2017-07-11T15:05:56.877-0400 Received TestBed Message: TimeStamp: 1499799956877 X Position: 198.0001 X Actual Speed: 0.05 Y Position: 158 Y Actual Speed: 0.05 Z Position: 119 Z Actual Speed: 0
2017-07-11T15:05:57.677-0400 Received TestBed Message: TimeStamp: 1499799957677 X Position: 198.0003 X Actual Speed: 0.125 Y Position: 158.0001 Y Actual Speed: 0.09999999 Z Position: 119 Z Actual Speed: 0
2017-07-11T15:05:56.777-0400 Received TestBed Message: TimeStamp: 1499799956777 X Position: 198.0001 X Actual Speed: 0.05 Y Position: 158 Y Actual Speed: 0.05 Z Position: 119 Z Actual Speed: 0
2017-07-11T15:05:57.177-0400 Received TestBed Message: TimeStamp: 1499799957177 X Position: 198.0002 X Actual Speed: 0.125 Y Position: 158.0001 Y Actual Speed: 0.075 Z Position: 119 Z Actual Speed: 0
2017-07-11T15:05:57.577-0400 Received TestBed Message: TimeStamp: 1499799957577 X Position: 197.9998 X Actual Speed: -0.125 Y Position: 157.9997 Y Actual Speed: -0.125 Z Position: 119 Z Actual Speed: 0
2017-07-11T15:05:59.878-0400 Received TestBed Message: TimeStamp: 1499799959878 X Position: 198.0003 X Actual Speed: 0.125 Y Position: 158.0001 Y Actual Speed: 0.05 Z Position: 119 Z Actual Speed: 0
2017-07-11T15:06:00.277-0400 Received TestBed Message: TimeStamp: 1499799960277 X Position: 198.0003 X Actual Speed: 0.15 Y Position: 158.0001 Y Actual Speed: 0.075 Z Position: 119 Z Actual Speed: 0
2017-07-11T15:06:00.677-0400 Received TestBed Message: TimeStamp: 1499799960677 X Position: 198.0002 X Actual Speed: 0.09999999 Y Position: 158.0001 Y Actual Speed: 0.075 Z Position: 119 Z Actual Speed: 0
2017-07-11T15:05:59.778-0400 Received TestBed Message: TimeStamp: 1499799959778 X Position: 198.0003 X Actual Speed: 0.125 Y Position: 158 Y Actual Speed: 0.075 Z Position: 119 Z Actual Speed: 0
2017-07-11T15:06:00.178-0400 Received TestBed Message: TimeStamp: 1499799960178 X Position: 198.0002 X Actual Speed: 0.09999999 Y Position: 158.0001 Y Actual Speed: 0.05 Z Position: 119 Z Actual Speed: 0
2017-07-11T15:06:00.578-0400 Received TestBed Message: TimeStamp: 1499799960578 X Position: 198.0003 X Actual Speed: 0.15 Y Position: 158.0001 Y Actual Speed: 0.075 Z Position: 119 Z Actual Speed: 0
2017-07-11T15:06:00.079-0400 Received TestBed Message: TimeStamp: 1499799960079 X Position: 198.0003 X Actual Speed: 0.09999999 Y Position: 158.0001 Y Actual Speed: 0.09999999 Z Position: 119 Z Actual Speed: 0
2017-07-11T15:06:00.476-0400 Received TestBed Message: TimeStamp: 1499799960476 X Position: 197.9998 X Actual Speed: -0.125 Y Position: 157.9998 Y Actual Speed: -0.09999999 Z Position: 119 Z Actual Speed: 0
2017-07-11T15:05:59.978-0400 Received TestBed Message: TimeStamp: 1499799959978 X Position: 198.0002 X Actual Speed: 0.09999999 Y Position: 158 Y Actual Speed: 0.05 Z Position: 119 Z Actual Speed: 0
2017-07-11T15:06:00.378-0400 Received TestBed Message: TimeStamp: 1499799960378 X Position: 198.0002 X Actual Speed: 0.09999999 Y Position: 158.0001 Y Actual Speed: 0.09999999 Z Position: 119 Z Actual Speed: 0
2017-07-11T15:06:03.575-0400 Received TestBed Message: TimeStamp: 1499799963575 X Position: 197.9998 X Actual Speed: -0.125 Y Position: 157.9998 Y Actual Speed: -0.075 Z Position: 119 Z Actual Speed: 0
2017-07-11T15:06:03.077-0400 Received TestBed Message: TimeStamp: 1499799963077 X Position: 198.0003 X Actual Speed: 0.15 Y Position: 158.0001 Y Actual Speed: 0.09999999 Z Position: 119 Z Actual Speed: 0
2017-07-11T15:06:03.477-0400 Received TestBed Message: TimeStamp: 1499799963477 X Position: 198.0003 X Actual Speed: 0.15 Y Position: 158.0001 Y Actual Speed: 0.075 Z Position: 119 Z Actual Speed: 0
2017-07-11T15:06:02.977-0400 Received TestBed Message: TimeStamp: 1499799962977 X Position: 198.0003 X Actual Speed: 0.15 Y Position: 158.0001 Y Actual Speed: 0.09999999 Z Position: 119 Z Actual Speed: 0
2017-07-11T15:06:03.377-0400 Received TestBed Message: TimeStamp: 1499799963377 X Position: 198.0002 X Actual Speed: 0.075 Y Position: 158.0001 Y Actual Speed: 0.09999999 Z Position: 119 Z Actual Speed: 0
2017-07-11T15:06:02.878-0400 Received TestBed Message: TimeStamp: 1499799962878 X Position: 198.0003 X Actual Speed: 0.15 Y Position: 158.0001 Y Actual Speed: 0.075 Z Position: 119 Z Actual Speed: 0
2017-07-11T15:06:03.277-0400 Received TestBed Message: TimeStamp: 1499799963277 X Position: 198.0002 X Actual Speed: 0.09999999 Y Position: 158.0002 Y Actual Speed: 0.125 Z Position: 119 Z Actual Speed: 0
2017-07-11T15:06:03.677-0400 Received TestBed Message: TimeStamp: 1499799963677 X Position: 198.0004 X Actual Speed: 0.175 Y Position: 158.0002 Y Actual Speed: 0.09999999 Z Position: 119 Z Actual Speed: 0
2017-07-11T15:06:02.777-0400 Received TestBed Message: TimeStamp: 1499799962777 X Position: 198.0004 X Actual Speed: 0.15 Y Position: 158.0002 Y Actual Speed: 0.09999999 Z Position: 119 Z Actual Speed: 0
2017-07-11T15:06:03.177-0400 Received TestBed Message: TimeStamp: 1499799963177 X Position: 198.0003 X Actual Speed: 0.125 Y Position: 158.0001 Y Actual Speed: 0.09999999 Z Position: 119 Z Actual Speed: 0
2017-07-11T15:06:05.876-0400 Received TestBed Message: TimeStamp: 1499799965876 X Position: 198.0002 X Actual Speed: 0.09999999 Y Position: 158.0001 Y Actual Speed: 0.075 Z Position: 119 Z Actual Speed: 0
2017-07-11T15:06:06.277-0400 Received TestBed Message: TimeStamp: 1499799966277 X Position: 198.0003 X Actual Speed: 0.125 Y Position: 158.0001 Y Actual Speed: 0.075 Z Position: 119 Z Actual Speed: 0
2017-07-11T15:06:06.677-0400 Received TestBed Message: TimeStamp: 1499799966677 X Position: 198.0003 X Actual Speed: 0.15 Y Position: 158.0001 Y Actual Speed: 0.09999999 Z Position: 119 Z Actual Speed: 0
2017-07-11T15:06:06.177-0400 Received TestBed Message: TimeStamp: 1499799966177 X Position: 198.0003 X Actual Speed: 0.125 Y Position: 158.0002 Y Actual Speed: 0.125 Z Position: 119 Z Actual Speed: 0
2017-07-11T15:06:06.577-0400 Received TestBed Message: TimeStamp: 1499799966577 X Position: 198.0003 X Actual Speed: 0.125 Y Position: 158 Y Actual Speed: 0.05 Z Position: 119 Z Actual Speed: 0
2017-07-11T15:06:06.476-0400 Received TestBed Message: TimeStamp: 1499799966476 X Position: 198.0004 X Actual Speed: 0.15 Y Position: 158.0001 Y Actual Speed: 0.05 Z Position: 119 Z Actual Speed: 0
2017-07-11T15:06:06.077-0400 Received TestBed Message: TimeStamp: 1499799966077 X Position: 198.0002 X Actual Speed: 0.09999999 Y Position: 158 Y Actual Speed: 0.05 Z Position: 119 Z Actual Speed: 0
2017-07-11T15:06:05.977-0400 Received TestBed Message: TimeStamp: 1499799965977 X Position: 198.0003 X Actual Speed: 0.125 Y Position: 158.0001 Y Actual Speed: 0.09999999 Z Position: 119 Z Actual Speed: 0
2017-07-11T15:06:06.377-0400 Received TestBed Message: TimeStamp: 1499799966377 X Position: 198.0004 X Actual Speed: 0.175 Y Position: 158.0001 Y Actual Speed: 0.075 Z Position: 119 Z Actual Speed: 0
2017-07-11T15:06:06.777-0400 Received TestBed Message: TimeStamp: 1499799966777 X Position: 198.0002 X Actual Speed: 0.09999999 Y Position: 158.0001 Y Actual Speed: 0.05 Z Position: 119 Z Actual Speed: 0
2017-07-11T15:06:09.479-0400 Received TestBed Message: TimeStamp: 1499799969479 X Position: 198.0003 X Actual Speed: 0.09999999 Y Position: 158 Y Actual Speed: 0.05 Z Position: 119 Z Actual Speed: 0
2017-07-11T15:06:09.684-0400 Received TestBed Message: TimeStamp: 1499799969684 X Position: 198.0002 X Actual Speed: 0.075 Y Position: 158 Y Actual Speed: 0.025 Z Position: 119 Z Actual Speed: 0
2017-07-11T15:06:09.780-0400 Received TestBed Message: TimeStamp: 1499799969780 X Position: 198.0002 X Actual Speed: 0.09999999 Y Position: 158 Y Actual Speed: 0 Z Position: 119 Z Actual Speed: 0
2017-07-11T15:06:08.885-0400 Received TestBed Message: TimeStamp: 1499799968885 X Position: 198.0003 X Actual Speed: 0.125 Y Position: 158.0001 Y Actual Speed: 0.05 Z Position: 119 Z Actual Speed: 0
2017-07-11T15:06:09.378-0400 Received TestBed Message: TimeStamp: 1499799969378 X Position: 198.0003 X Actual Speed: 0.125 Y Position: 158 Y Actual Speed: 0.025 Z Position: 119 Z Actual Speed: 0
2017-07-11T15:06:08.979-0400 Received TestBed Message: TimeStamp: 1499799968979 X Position: 198.0003 X Actual Speed: 0.125 Y Position: 158.0001 Y Actual Speed: 0.075 Z Position: 119 Z Actual Speed: 0
2017-07-11T15:06:09.584-0400 Received TestBed Message: TimeStamp: 1499799969584 X Position: 198.0003 X Actual Speed: 0.09999999 Y Position: 158.0001 Y Actual Speed: 0.075 Z Position: 119 Z Actual Speed: 0
2017-07-11T15:06:09.278-0400 Received TestBed Message: TimeStamp: 1499799969278 X Position: 198.0002 X Actual Speed: 0.075 Y Position: 158 Y Actual Speed: 0.025 Z Position: 119 Z Actual Speed: 0
2017-07-11T15:06:09.178-0400 Received TestBed Message: TimeStamp: 1499799969178 X Position: 198.0002 X Actual Speed: 0.075 Y Position: 158.0001 Y Actual Speed: 0.05 Z Position: 119 Z Actual Speed: 0
2017-07-11T15:06:09.083-0400 Received TestBed Message: TimeStamp: 1499799969083 X Position: 198.0003 X Actual Speed: 0.09999999 Y Position: 158.0001 Y Actual Speed: 0.075 Z Position: 119 Z Actual Speed: 0
2017-07-11T15:05:30.743-0400 Received TestBed Message: TimeStamp: 1499799930743 X Position: 198 X Actual Speed: -0.025 Y Position: 157.9999 Y Actual Speed: -0.05 Z Position: 119 Z Actual Speed: 0
2017-07-11T15:05:30.547-0400 Received TestBed Message: TimeStamp: 1499799930547 X Position: 198 X Actual Speed: 0 Y Position: 158 Y Actual Speed: 0.025 Z Position: 119 Z Actual Speed: 0
2017-07-11T15:05:30.354-0400 Received TestBed Message: TimeStamp: 1499799930354 X Position: 198 X Actual Speed: 0 Y Position: 158 Y Actual Speed: 0 Z Position: 119 Z Actual Speed: 0
2017-07-11T15:05:30.642-0400 Received TestBed Message: TimeStamp: 1499799930642 X Position: 197.9999 X Actual Speed: -0.05 Y Position: 157.9999 Y Actual Speed: -0.025 Z Position: 119 Z Actual Speed: 0
2017-07-11T15:05:31.042-0400 Received TestBed Message: TimeStamp: 1499799931042 X Position: 197.9999 X Actual Speed: -0.05 Y Position: 157.9999 Y Actual Speed: -0.05 Z Position: 119 Z Actual Speed: 0
2017-07-11T15:05:30.943-0400 Received TestBed Message: TimeStamp: 1499799930943 X Position: 197.9999 X Actual Speed: -0.05 Y Position: 157.9999 Y Actual Speed: -0.05 Z Position: 119 Z Actual Speed: 0
2017-07-11T15:05:31.343-0400 Received TestBed Message: TimeStamp: 1499799931343 X Position: 197.9999 X Actual Speed: -0.05 Y Position: 157.9999 Y Actual Speed: -0.05 Z Position: 119 Z Actual Speed: 0
2017-07-11T15:05:30.845-0400 Received TestBed Message: TimeStamp: 1499799930845 X Position: 198.0001 X Actual Speed: 0.05 Y Position: 158 Y Actual Speed: 0.025 Z Position: 119 Z Actual Speed: 0
2017-07-11T15:05:30.444-0400 Received TestBed Message: TimeStamp: 1499799930444 X Position: 197.9999 X Actual Speed: -0.075 Y Position: 157.9999 Y Actual Speed: 0.025 Z Position: 119 Z Actual Speed: 0
2017-07-11T15:05:31.244-0400 Received TestBed Message: TimeStamp: 1499799931244 X Position: 198.0001 X Actual Speed: 0.05 Y Position: 158 Y Actual Speed: 0.025 Z Position: 119 Z Actual Speed: 0
2017-07-11T15:05:31.145-0400 Received TestBed Message: TimeStamp: 1499799931145 X Position: 198 X Actual Speed: 0.025 Y Position: 158 Y Actual Speed: 0.025 Z Position: 119 Z Actual Speed: 0
2017-07-11T15:05:33.845-0400 Received TestBed Message: TimeStamp: 1499799933845 X Position: 198.0001 X Actual Speed: 0.05 Y Position: 158.0001 Y Actual Speed: 0.075 Z Position: 119 Z Actual Speed: 0
2017-07-11T15:05:34.245-0400 Received TestBed Message: TimeStamp: 1499799934245 X Position: 198 X Actual Speed: 0.025 Y Position: 158.0001 Y Actual Speed: 0.025 Z Position: 119 Z Actual Speed: 0
2017-07-11T15:05:33.748-0400 Received TestBed Message: TimeStamp: 1499799933748 X Position: 198.0001 X Actual Speed: 0.05 Y Position: 158.0001 Y Actual Speed: 0.05 Z Position: 119 Z Actual Speed: 0
2017-07-11T15:05:34.452-0400 Received TestBed Message: TimeStamp: 1499799934452 X Position: 198.0001 X Actual Speed: 0.025 Y Position: 158 Y Actual Speed: 0 Z Position: 119 Z Actual Speed: 0
2017-07-11T15:05:34.548-0400 Received TestBed Message: TimeStamp: 1499799934548 X Position: 198 X Actual Speed: -0.025 Y Position: 157.9999 Y Actual Speed: -0.025 Z Position: 119 Z Actual Speed: 0
2017-07-11T15:05:34.146-0400 Received TestBed Message: TimeStamp: 1499799934146 X Position: 198.0001 X Actual Speed: 0.05 Y Position: 158 Y Actual Speed: 0.025 Z Position: 119 Z Actual Speed: 0
2017-07-11T15:05:33.645-0400 Received TestBed Message: TimeStamp: 1499799933645 X Position: 198 X Actual Speed: 0.025 Y Position: 158 Y Actual Speed: 0.025 Z Position: 119 Z Actual Speed: 0
2017-07-11T15:05:33.949-0400 Received TestBed Message: TimeStamp: 1499799933949 X Position: 197.9999 X Actual Speed: -0.075 Y Position: 158 Y Actual Speed: 0 Z Position: 119 Z Actual Speed: 0
2017-07-11T15:05:34.045-0400 Received TestBed Message: TimeStamp: 1499799934045 X Position: 198 X Actual Speed: 0.025 Y Position: 158 Y Actual Speed: 0.025 Z Position: 119 Z Actual Speed: 0
2017-07-11T15:05:33.546-0400 Received TestBed Message: TimeStamp: 1499799933546 X Position: 198 X Actual Speed: 0 Y Position: 158 Y Actual Speed: 0.05 Z Position: 119 Z Actual Speed: 0
2017-07-11T15:05:34.346-0400 Received TestBed Message: TimeStamp: 1499799934346 X Position: 198.0001 X Actual Speed: 0.05 Y Position: 158 Y Actual Speed: 0.025 Z Position: 119 Z Actual Speed: 0
2017-07-11T15:05:36.948-0400 Received TestBed Message: TimeStamp: 1499799936948 X Position: 198.0001 X Actual Speed: 0 Y Position: 158 Y Actual Speed: 0 Z Position: 119 Z Actual Speed: 0
2017-07-11T15:05:36.754-0400 Received TestBed Message: TimeStamp: 1499799936754 X Position: 198.0001 X Actual Speed: 0.05 Y Position: 158 Y Actual Speed: 0 Z Position: 119 Z Actual Speed: 0
2017-07-11T15:05:37.553-0400 Received TestBed Message: TimeStamp: 1499799937553 X Position: 198.0001 X Actual Speed: 0.025 Y Position: 158 Y Actual Speed: 0 Z Position: 119 Z Actual Speed: 0
2017-07-11T15:05:36.848-0400 Received TestBed Message: TimeStamp: 1499799936848 X Position: 198.0001 X Actual Speed: 0 Y Position: 158 Y Actual Speed: -0.025 Z Position: 119 Z Actual Speed: 0
2017-07-11T15:05:37.248-0400 Received TestBed Message: TimeStamp: 1499799937248 X Position: 198.0001 X Actual Speed: 0 Y Position: 158 Y Actual Speed: 0 Z Position: 119 Z Actual Speed: 0
2017-07-11T15:05:37.453-0400 Received TestBed Message: TimeStamp: 1499799937453 X Position: 198.0001 X Actual Speed: 0.025 Y Position: 158.0001 Y Actual Speed: 0.025 Z Position: 119 Z Actual Speed: 0
2017-07-11T15:05:37.148-0400 Received TestBed Message: TimeStamp: 1499799937148 X Position: 198 X Actual Speed: 0 Y Position: 158 Y Actual Speed: 0 Z Position: 119 Z Actual Speed: 0
2017-07-11T15:05:37.354-0400 Received TestBed Message: TimeStamp: 1499799937354 X Position: 198.0001 X Actual Speed: 0.025 Y Position: 158.0001 Y Actual Speed: 0.025 Z Position: 119 Z Actual Speed: 0
2017-07-11T15:05:36.648-0400 Received TestBed Message: TimeStamp: 1499799936648 X Position: 197.9999 X Actual Speed: -0.075 Y Position: 158 Y Actual Speed: 0 Z Position: 119 Z Actual Speed: 0
2017-07-11T15:05:37.048-0400 Received TestBed Message: TimeStamp: 1499799937048 X Position: 197.9999 X Actual Speed: -0.075 Y Position: 157.9999 Y Actual Speed: -0.025 Z Position: 119 Z Actual Speed: 0
2017-07-11T15:05:40.055-0400 Received TestBed Message: TimeStamp: 1499799940055 X Position: 198.0001 X Actual Speed: 0.05 Y Position: 158.0001 Y Actual Speed: 0.05 Z Position: 119 Z Actual Speed: 0
2017-07-11T15:05:40.358-0400 Received TestBed Message: TimeStamp: 1499799940358 X Position: 198 X Actual Speed: -0.025 Y Position: 157.9999 Y Actual Speed: -0.075 Z Position: 119 Z Actual Speed: 0
2017-07-11T15:05:40.454-0400 Received TestBed Message: TimeStamp: 1499799940454 X Position: 198.0002 X Actual Speed: 0.075 Y Position: 158.0001 Y Actual Speed: 0.025 Z Position: 119 Z Actual Speed: 0
2017-07-11T15:05:39.653-0400 Received TestBed Message: TimeStamp: 1499799939653 X Position: 198.0001 X Actual Speed: 0.025 Y Position: 158.0001 Y Actual Speed: 0.05 Z Position: 119 Z Actual Speed: 0
2017-07-11T15:05:39.953-0400 Received TestBed Message: TimeStamp: 1499799939953 X Position: 198.0002 X Actual Speed: 0.075 Y Position: 158 Y Actual Speed: 0 Z Position: 119 Z Actual Speed: 0
2017-07-11T15:05:40.254-0400 Received TestBed Message: TimeStamp: 1499799940254 X Position: 198.0001 X Actual Speed: 0.05 Y Position: 158.0001 Y Actual Speed: 0.075 Z Position: 119 Z Actual Speed: 0
2017-07-11T15:05:39.853-0400 Received TestBed Message: TimeStamp: 1499799939853 X Position: 198.0002 X Actual Speed: 0.075 Y Position: 158.0001 Y Actual Speed: 0.05 Z Position: 119 Z Actual Speed: 0
2017-07-11T15:05:39.755-0400 Received TestBed Message: TimeStamp: 1499799939755 X Position: 198.0001 X Actual Speed: 0.025 Y Position: 158 Y Actual Speed: 0 Z Position: 119 Z Actual Speed: 0
2017-07-11T15:05:40.154-0400 Received TestBed Message: TimeStamp: 1499799940154 X Position: 198.0001 X Actual Speed: 0.025 Y Position: 158.0001 Y Actual Speed: 0.05 Z Position: 119 Z Actual Speed: 0
2017-07-11T15:05:40.553-0400 Received TestBed Message: TimeStamp: 1499799940553 X Position: 198.0001 X Actual Speed: 0.05 Y Position: 158.0001 Y Actual Speed: 0.05 Z Position: 119 Z Actual Speed: 0
2017-07-11T15:05:42.758-0400 Received TestBed Message: TimeStamp: 1499799942758 X Position: 198 X Actual Speed: -0.025 Y Position: 157.9999 Y Actual Speed: -0.075 Z Position: 119 Z Actual Speed: 0
2017-07-11T15:05:43.365-0400 Received TestBed Message: TimeStamp: 1499799943365 X Position: 198 X Actual Speed: -0.05 Y Position: 158 Y Actual Speed: 0 Z Position: 119 Z Actual Speed: 0
2017-07-11T15:05:43.266-0400 Received TestBed Message: TimeStamp: 1499799943266 X Position: 198 X Actual Speed: -0.025 Y Position: 158 Y Actual Speed: 0 Z Position: 119 Z Actual Speed: 0
2017-07-11T15:05:42.657-0400 Received TestBed Message: TimeStamp: 1499799942657 X Position: 197.9999 X Actual Speed: -0.05 Y Position: 157.9999 Y Actual Speed: -0.025 Z Position: 119 Z Actual Speed: 0
2017-07-11T15:05:43.057-0400 Received TestBed Message: TimeStamp: 1499799943057 X Position: 197.9999 X Actual Speed: -0.09999999 Y Position: 157.9999 Y Actual Speed: -0.05 Z Position: 119 Z Actual Speed: 0
2017-07-11T15:05:42.957-0400 Received TestBed Message: TimeStamp: 1499799942957 X Position: 197.9999 X Actual Speed: -0.05 Y Position: 157.9999 Y Actual Speed: -0.075 Z Position: 119 Z Actual Speed: 0
2017-07-11T15:05:43.565-0400 Received TestBed Message: TimeStamp: 1499799943565 X Position: 198.0001 X Actual Speed: 0.025 Y Position: 157.9999 Y Actual Speed: -0.05 Z Position: 119 Z Actual Speed: 0
2017-07-11T15:05:43.164-0400 Received TestBed Message: TimeStamp: 1499799943164 X Position: 198.0001 X Actual Speed: 0.05 Y Position: 158 Y Actual Speed: 0 Z Position: 119 Z Actual Speed: 0
2017-07-11T15:05:42.856-0400 Received TestBed Message: TimeStamp: 1499799942856 X Position: 197.9999 X Actual Speed: -0.075 Y Position: 158 Y Actual Speed: -0.025 Z Position: 119 Z Actual Speed: 0
2017-07-11T15:05:43.464-0400 Received TestBed Message: TimeStamp: 1499799943464 X Position: 198.0002 X Actual Speed: 0.075 Y Position: 158 Y Actual Speed: 0.025 Z Position: 119 Z Actual Speed: 0
2017-07-11T15:05:45.863-0400 Received TestBed Message: TimeStamp: 1499799945863 X Position: 198.0002 X Actual Speed: 0.075 Y Position: 158 Y Actual Speed: 0.05 Z Position: 119 Z Actual Speed: 0
2017-07-11T15:05:46.164-0400 Received TestBed Message: TimeStamp: 1499799946164 X Position: 198.0001 X Actual Speed: 0.05 Y Position: 158 Y Actual Speed: 0.05 Z Position: 119 Z Actual Speed: 0
2017-07-11T15:05:45.765-0400 Received TestBed Message: TimeStamp: 1499799945765 X Position: 197.9999 X Actual Speed: -0.075 Y Position: 157.9999 Y Actual Speed: -0.05 Z Position: 119 Z Actual Speed: 0
2017-07-11T15:05:46.565-0400 Received TestBed Message: TimeStamp: 1499799946565 X Position: 197.9999 X Actual Speed: -0.075 Y Position: 157.9999 Y Actual Speed: -0.05 Z Position: 119 Z Actual Speed: 0
2017-07-11T15:05:46.259-0400 Received TestBed Message: TimeStamp: 1499799946259 X Position: 197.9999 X Actual Speed: -0.075 Y Position: 157.9998 Y Actual Speed: -0.09999999 Z Position: 119 Z Actual Speed: 0
2017-07-11T15:05:46.064-0400 Received TestBed Message: TimeStamp: 1499799946064 X Position: 198.0001 X Actual Speed: 0.05 Y Position: 158 Y Actual Speed: 0.025 Z Position: 119 Z Actual Speed: 0
2017-07-11T15:05:46.464-0400 Received TestBed Message: TimeStamp: 1499799946464 X Position: 198.0001 X Actual Speed: 0.05 Y Position: 158 Y Actual Speed: 0.05 Z Position: 119 Z Actual Speed: 0
2017-07-11T15:05:45.665-0400 Received TestBed Message: TimeStamp: 1499799945665 X Position: 198 X Actual Speed: -0.025 Y Position: 157.9999 Y Actual Speed: -0.05 Z Position: 119 Z Actual Speed: 0
2017-07-11T15:05:46.364-0400 Received TestBed Message: TimeStamp: 1499799946364 X Position: 198 X Actual Speed: -0.025 Y Position: 158 Y Actual Speed: 0 Z Position: 119 Z Actual Speed: 0
2017-07-11T15:05:45.965-0400 Received TestBed Message: TimeStamp: 1499799945965 X Position: 198 X Actual Speed: -0.025 Y Position: 158 Y Actual Speed: 0 Z Position: 119 Z Actual Speed: 0
2017-07-11T15:05:49.463-0400 Received TestBed Message: TimeStamp: 1499799949463 X Position: 197.9999 X Actual Speed: -0.09999999 Y Position: 157.9998 Y Actual Speed: -0.09999999 Z Position: 119 Z Actual Speed: 0
2017-07-11T15:05:49.362-0400 Received TestBed Message: TimeStamp: 1499799949362 X Position: 197.9998 X Actual Speed: -0.125 Y Position: 157.9999 Y Actual Speed: -0.05 Z Position: 119 Z Actual Speed: 0
2017-07-11T15:05:49.265-0400 Received TestBed Message: TimeStamp: 1499799949265 X Position: 198 X Actual Speed: 0 Y Position: 157.9999 Y Actual Speed: -0.025 Z Position: 119 Z Actual Speed: 0
2017-07-11T15:05:48.958-0400 Received TestBed Message: TimeStamp: 1499799948958 X Position: 197.9999 X Actual Speed: -0.09999999 Y Position: 157.9998 Y Actual Speed: -0.09999999 Z Position: 119 Z Actual Speed: 0
2017-07-11T15:05:49.566-0400 Received TestBed Message: TimeStamp: 1499799949566 X Position: 197.9999 X Actual Speed: -0.075 Y Position: 157.9998 Y Actual Speed: -0.09999999 Z Position: 119 Z Actual Speed: 0
2017-07-11T15:05:48.863-0400 Received TestBed Message: TimeStamp: 1499799948863 X Position: 198.0002 X Actual Speed: 0.09999999 Y Position: 158 Y Actual Speed: 0.025 Z Position: 119 Z Actual Speed: 0
2017-07-11T15:05:48.764-0400 Received TestBed Message: TimeStamp: 1499799948764 X Position: 197.9999 X Actual Speed: -0.05 Y Position: 157.9998 Y Actual Speed: -0.075 Z Position: 119 Z Actual Speed: 0
2017-07-11T15:05:49.164-0400 Received TestBed Message: TimeStamp: 1499799949164 X Position: 197.9999 X Actual Speed: -0.05 Y Position: 158 Y Actual Speed: 0 Z Position: 119 Z Actual Speed: 0
2017-07-11T15:05:48.666-0400 Received TestBed Message: TimeStamp: 1499799948666 X Position: 198 X Actual Speed: -0.025 Y Position: 157.9999 Y Actual Speed: -0.05 Z Position: 119 Z Actual Speed: 0
2017-07-11T15:05:49.065-0400 Received TestBed Message: TimeStamp: 1499799949065 X Position: 198 X Actual Speed: -0.025 Y Position: 157.9999 Y Actual Speed: -0.05 Z Position: 119 Z Actual Speed: 0
2017-07-11T15:05:51.974-0400 Received TestBed Message: TimeStamp: 1499799951974 X Position: 197.9999 X Actual Speed: -0.09999999 Y Position: 157.9999 Y Actual Speed: -0.05 Z Position: 119 Z Actual Speed: 0
2017-07-11T15:05:52.375-0400 Received TestBed Message: TimeStamp: 1499799952375 X Position: 197.9999 X Actual Speed: -0.075 Y Position: 157.9999 Y Actual Speed: -0.05 Z Position: 119 Z Actual Speed: 0
2017-07-11T15:05:51.876-0400 Received TestBed Message: TimeStamp: 1499799951876 X Position: 197.9999 X Actual Speed: -0.05 Y Position: 157.9999 Y Actual Speed: -0.05 Z Position: 119 Z Actual Speed: 0
2017-07-11T15:05:52.178-0400 Received TestBed Message: TimeStamp: 1499799952178 X Position: 198.0001 X Actual Speed: 0.05 Y Position: 158 Y Actual Speed: 0.025 Z Position: 119 Z Actual Speed: 0
2017-07-11T15:05:52.275-0400 Received TestBed Message: TimeStamp: 1499799952275 X Position: 198 X Actual Speed: -0.05 Y Position: 157.9999 Y Actual Speed: -0.05 Z Position: 119 Z Actual Speed: 0
2017-07-11T15:05:51.775-0400 Received TestBed Message: TimeStamp: 1499799951775 X Position: 197.9999 X Actual Speed: -0.075 Y Position: 157.9998 Y Actual Speed: -0.09999999 Z Position: 119 Z Actual Speed: 0
2017-07-11T15:05:52.575-0400 Received TestBed Message: TimeStamp: 1499799952575 X Position: 197.9999 X Actual Speed: -0.09999999 Y Position: 157.9998 Y Actual Speed: -0.09999999 Z Position: 119 Z Actual Speed: 0
2017-07-11T15:05:52.476-0400 Received TestBed Message: TimeStamp: 1499799952476 X Position: 197.9999 X Actual Speed: -0.075 Y Position: 157.9999 Y Actual Speed: -0.05 Z Position: 119 Z Actual Speed: 0
2017-07-11T15:05:52.685-0400 Received TestBed Message: TimeStamp: 1499799952685 X Position: 197.9999 X Actual Speed: -0.075 Y Position: 157.9998 Y Actual Speed: -0.075 Z Position: 119 Z Actual Speed: 0
2017-07-11T15:05:52.075-0400 Received TestBed Message: TimeStamp: 1499799952075 X Position: 197.9999 X Actual Speed: -0.075 Y Position: 157.9999 Y Actual Speed: -0.075 Z Position: 119 Z Actual Speed: 0
2017-07-11T15:05:54.775-0400 Received TestBed Message: TimeStamp: 1499799954775 X Position: 197.9998 X Actual Speed: -0.125 Y Position: 157.9999 Y Actual Speed: -0.05 Z Position: 119 Z Actual Speed: 0
2017-07-11T15:05:55.575-0400 Received TestBed Message: TimeStamp: 1499799955575 X Position: 197.9999 X Actual Speed: -0.075 Y Position: 157.9998 Y Actual Speed: -0.075 Z Position: 119 Z Actual Speed: 0
2017-07-11T15:05:55.074-0400 Received TestBed Message: TimeStamp: 1499799955074 X Position: 197.9999 X Actual Speed: -0.05 Y Position: 157.9998 Y Actual Speed: -0.075 Z Position: 119 Z Actual Speed: 0
2017-07-11T15:05:55.378-0400 Received TestBed Message: TimeStamp: 1499799955378 X Position: 198.0002 X Actual Speed: 0.075 Y Position: 158 Y Actual Speed: 0.025 Z Position: 119 Z Actual Speed: 0
2017-07-11T15:05:55.475-0400 Received TestBed Message: TimeStamp: 1499799955475 X Position: 197.9998 X Actual Speed: -0.125 Y Position: 157.9998 Y Actual Speed: -0.09999999 Z Position: 119 Z Actual Speed: 0
2017-07-11T15:05:54.974-0400 Received TestBed Message: TimeStamp: 1499799954974 X Position: 197.9998 X Actual Speed: -0.125 Y Position: 157.9999 Y Actual Speed: -0.05 Z Position: 119 Z Actual Speed: 0
2017-07-11T15:05:54.876-0400 Received TestBed Message: TimeStamp: 1499799954876 X Position: 197.9999 X Actual Speed: -0.075 Y Position: 157.9998 Y Actual Speed: -0.075 Z Position: 119 Z Actual Speed: 0
2017-07-11T15:05:55.274-0400 Received TestBed Message: TimeStamp: 1499799955274 X Position: 197.9999 X Actual Speed: -0.09999999 Y Position: 157.9999 Y Actual Speed: -0.05 Z Position: 119 Z Actual Speed: 0
2017-07-11T15:05:55.675-0400 Received TestBed Message: TimeStamp: 1499799955675 X Position: 197.9999 X Actual Speed: -0.075 Y Position: 157.9999 Y Actual Speed: -0.05 Z Position: 119 Z Actual Speed: 0
2017-07-11T15:05:55.177-0400 Received TestBed Message: TimeStamp: 1499799955177 X Position: 198.0002 X Actual Speed: 0.075 Y Position: 158 Y Actual Speed: 0.025 Z Position: 119 Z Actual Speed: 0
2017-07-11T15:05:57.975-0400 Received TestBed Message: TimeStamp: 1499799957975 X Position: 197.9998 X Actual Speed: -0.125 Y Position: 157.9998 Y Actual Speed: -0.075 Z Position: 119 Z Actual Speed: 0
2017-07-11T15:05:58.375-0400 Received TestBed Message: TimeStamp: 1499799958375 X Position: 197.9998 X Actual Speed: -0.125 Y Position: 157.9998 Y Actual Speed: -0.09999999 Z Position: 119 Z Actual Speed: 0
2017-07-11T15:05:58.676-0400 Received TestBed Message: TimeStamp: 1499799958676 X Position: 197.9999 X Actual Speed: -0.09999999 Y Position: 157.9998 Y Actual Speed: -0.09999999 Z Position: 119 Z Actual Speed: 0
2017-07-11T15:05:57.877-0400 Received TestBed Message: TimeStamp: 1499799957877 X Position: 198.0002 X Actual Speed: 0.125 Y Position: 158.0001 Y Actual Speed: 0.075 Z Position: 119 Z Actual Speed: 0
2017-07-11T15:05:58.275-0400 Received TestBed Message: TimeStamp: 1499799958275 X Position: 197.9998 X Actual Speed: -0.125 Y Position: 157.9998 Y Actual Speed: -0.09999999 Z Position: 119 Z Actual Speed: 0
2017-07-11T15:05:58.176-0400 Received TestBed Message: TimeStamp: 1499799958176 X Position: 198.0002 X Actual Speed: 0.09999999 Y Position: 158.0001 Y Actual Speed: 0.075 Z Position: 119 Z Actual Speed: 0
2017-07-11T15:05:57.777-0400 Received TestBed Message: TimeStamp: 1499799957777 X Position: 198.0002 X Actual Speed: 0.075 Y Position: 158 Y Actual Speed: 0.05 Z Position: 119 Z Actual Speed: 0
2017-07-11T15:05:58.575-0400 Received TestBed Message: TimeStamp: 1499799958575 X Position: 197.9998 X Actual Speed: -0.125 Y Position: 157.9998 Y Actual Speed: -0.09999999 Z Position: 119 Z Actual Speed: 0
2017-07-11T15:05:58.076-0400 Received TestBed Message: TimeStamp: 1499799958076 X Position: 198.0002 X Actual Speed: 0.075 Y Position: 158.0001 Y Actual Speed: 0.075 Z Position: 119 Z Actual Speed: 0
2017-07-11T15:05:58.477-0400 Received TestBed Message: TimeStamp: 1499799958477 X Position: 198.0003 X Actual Speed: 0.125 Y Position: 158.0001 Y Actual Speed: 0.075 Z Position: 119 Z Actual Speed: 0
2017-07-11T15:06:01.077-0400 Received TestBed Message: TimeStamp: 1499799961077 X Position: 198.0003 X Actual Speed: 0.09999999 Y Position: 158.0001 Y Actual Speed: 0.09999999 Z Position: 119 Z Actual Speed: 0
2017-07-11T15:06:01.477-0400 Received TestBed Message: TimeStamp: 1499799961477 X Position: 198.0003 X Actual Speed: 0.15 Y Position: 158.0002 Y Actual Speed: 0.125 Z Position: 119 Z Actual Speed: 0
2017-07-11T15:06:00.977-0400 Received TestBed Message: TimeStamp: 1499799960977 X Position: 197.9998 X Actual Speed: -0.125 Y Position: 157.9997 Y Actual Speed: -0.125 Z Position: 119 Z Actual Speed: 0
2017-07-11T15:06:01.377-0400 Received TestBed Message: TimeStamp: 1499799961377 X Position: 198.0002 X Actual Speed: 0.125 Y Position: 158.0002 Y Actual Speed: 0.09999999 Z Position: 119 Z Actual Speed: 0
2017-07-11T15:06:00.877-0400 Received TestBed Message: TimeStamp: 1499799960877 X Position: 197.9998 X Actual Speed: -0.15 Y Position: 157.9998 Y Actual Speed: -0.09999999 Z Position: 119 Z Actual Speed: 0
2017-07-11T15:06:01.277-0400 Received TestBed Message: TimeStamp: 1499799961277 X Position: 197.9998 X Actual Speed: -0.09999999 Y Position: 157.9997 Y Actual Speed: -0.125 Z Position: 119 Z Actual Speed: 0
2017-07-11T15:06:01.677-0400 Received TestBed Message: TimeStamp: 1499799961677 X Position: 198.0003 X Actual Speed: 0.125 Y Position: 158.0001 Y Actual Speed: 0.075 Z Position: 119 Z Actual Speed: 0
2017-07-11T15:06:00.777-0400 Received TestBed Message: TimeStamp: 1499799960777 X Position: 197.9997 X Actual Speed: -0.175 Y Position: 157.9997 Y Actual Speed: -0.09999999 Z Position: 119 Z Actual Speed: 0
2017-07-11T15:06:01.177-0400 Received TestBed Message: TimeStamp: 1499799961177 X Position: 198.0003 X Actual Speed: 0.125 Y Position: 158.0001 Y Actual Speed: 0.075 Z Position: 119 Z Actual Speed: 0
2017-07-11T15:06:01.577-0400 Received TestBed Message: TimeStamp: 1499799961577 X Position: 198.0002 X Actual Speed: 0.09999999 Y Position: 158.0002 Y Actual Speed: 0.125 Z Position: 119 Z Actual Speed: 0
2017-07-11T15:06:04.678-0400 Received TestBed Message: TimeStamp: 1499799964678 X Position: 198.0003 X Actual Speed: 0.125 Y Position: 158 Y Actual Speed: 0.05 Z Position: 119 Z Actual Speed: 0
2017-07-11T15:06:03.877-0400 Received TestBed Message: TimeStamp: 1499799963877 X Position: 198.0003 X Actual Speed: 0.125 Y Position: 158.0001 Y Actual Speed: 0.09999999 Z Position: 119 Z Actual Speed: 0
2017-07-11T15:06:04.277-0400 Received TestBed Message: TimeStamp: 1499799964277 X Position: 198.0003 X Actual Speed: 0.125 Y Position: 158 Y Actual Speed: 0.05 Z Position: 119 Z Actual Speed: 0
2017-07-11T15:06:04.179-0400 Received TestBed Message: TimeStamp: 1499799964179 X Position: 198.0003 X Actual Speed: 0.15 Y Position: 158 Y Actual Speed: 0.05 Z Position: 119 Z Actual Speed: 0
2017-07-11T15:06:04.577-0400 Received TestBed Message: TimeStamp: 1499799964577 X Position: 198.0003 X Actual Speed: 0.15 Y Position: 158.0001 Y Actual Speed: 0.075 Z Position: 119 Z Actual Speed: 0
2017-07-11T15:06:04.077-0400 Received TestBed Message: TimeStamp: 1499799964077 X Position: 198.0003 X Actual Speed: 0.125 Y Position: 158.0002 Y Actual Speed: 0.125 Z Position: 119 Z Actual Speed: 0
2017-07-11T15:06:04.477-0400 Received TestBed Message: TimeStamp: 1499799964477 X Position: 198.0004 X Actual Speed: 0.15 Y Position: 158 Y Actual Speed: 0.05 Z Position: 119 Z Actual Speed: 0
2017-07-11T15:06:03.786-0400 Received TestBed Message: TimeStamp: 1499799963786 X Position: 198.0003 X Actual Speed: 0.125 Y Position: 158 Y Actual Speed: 0.05 Z Position: 119 Z Actual Speed: 0
2017-07-11T15:06:04.378-0400 Received TestBed Message: TimeStamp: 1499799964378 X Position: 198.0002 X Actual Speed: 0.075 Y Position: 158.0001 Y Actual Speed: 0.05 Z Position: 119 Z Actual Speed: 0
2017-07-11T15:06:03.977-0400 Received TestBed Message: TimeStamp: 1499799963977 X Position: 198.0003 X Actual Speed: 0.125 Y Position: 158.0001 Y Actual Speed: 0.075 Z Position: 119 Z Actual Speed: 0
2017-07-11T15:06:07.078-0400 Received TestBed Message: TimeStamp: 1499799967078 X Position: 198.0004 X Actual Speed: 0.15 Y Position: 158.0001 Y Actual Speed: 0.075 Z Position: 119 Z Actual Speed: 0
2017-07-11T15:06:07.477-0400 Received TestBed Message: TimeStamp: 1499799967477 X Position: 198.0003 X Actual Speed: 0.125 Y Position: 158.0001 Y Actual Speed: 0.075 Z Position: 119 Z Actual Speed: 0
2017-07-11T15:06:07.778-0400 Received TestBed Message: TimeStamp: 1499799967778 X Position: 198.0003 X Actual Speed: 0.09999999 Y Position: 158 Y Actual Speed: 0.025 Z Position: 119 Z Actual Speed: 0
2017-07-11T15:06:06.977-0400 Received TestBed Message: TimeStamp: 1499799966977 X Position: 198.0003 X Actual Speed: 0.15 Y Position: 158.0001 Y Actual Speed: 0.09999999 Z Position: 119 Z Actual Speed: 0
2017-07-11T15:06:07.377-0400 Received TestBed Message: TimeStamp: 1499799967377 X Position: 198.0003 X Actual Speed: 0.125 Y Position: 158 Y Actual Speed: 0.05 Z Position: 119 Z Actual Speed: 0
2017-07-11T15:06:06.878-0400 Received TestBed Message: TimeStamp: 1499799966878 X Position: 198.0003 X Actual Speed: 0.125 Y Position: 158.0001 Y Actual Speed: 0.075 Z Position: 119 Z Actual Speed: 0
2017-07-11T15:06:07.278-0400 Received TestBed Message: TimeStamp: 1499799967278 X Position: 198.0002 X Actual Speed: 0.09999999 Y Position: 158.0001 Y Actual Speed: 0.075 Z Position: 119 Z Actual Speed: 0
2017-07-11T15:06:07.677-0400 Received TestBed Message: TimeStamp: 1499799967677 X Position: 198.0002 X Actual Speed: 0.075 Y Position: 158.0001 Y Actual Speed: 0.075 Z Position: 119 Z Actual Speed: 0
2017-07-11T15:06:07.177-0400 Received TestBed Message: TimeStamp: 1499799967177 X Position: 198.0004 X Actual Speed: 0.15 Y Position: 158.0001 Y Actual Speed: 0.075 Z Position: 119 Z Actual Speed: 0
2017-07-11T15:06:07.577-0400 Received TestBed Message: TimeStamp: 1499799967577 X Position: 198.0002 X Actual Speed: 0.09999999 Y Position: 158.0001 Y Actual Speed: 0.075 Z Position: 119 Z Actual Speed: 0
2017-07-11T15:06:09.986-0400 Received TestBed Message: TimeStamp: 1499799969986 X Position: 198.0002 X Actual Speed: 0.075 Y Position: 158.0001 Y Actual Speed: 0.05 Z Position: 119 Z Actual Speed: 0
2017-07-11T15:06:10.082-0400 Received TestBed Message: TimeStamp: 1499799970082 X Position: 198.0003 X Actual Speed: 0.125 Y Position: 158 Y Actual Speed: 0.025 Z Position: 119 Z Actual Speed: 0
2017-07-11T15:06:09.886-0400 Received TestBed Message: TimeStamp: 1499799969886 X Position: 197.9999 X Actual Speed: -0.075 Y Position: 157.9999 Y Actual Speed: -0.05 Z Position: 119 Z Actual Speed: 0
2017-07-11T15:06:10.479-0400 Received TestBed Message: TimeStamp: 1499799970479 X Position: 198.0002 X Actual Speed: 0.075 Y Position: 158 Y Actual Speed: 0.05 Z Position: 119 Z Actual Speed: 0
2017-07-11T15:06:10.687-0400 Received TestBed Message: TimeStamp: 1499799970687 X Position: 198.0002 X Actual Speed: 0.09999999 Y Position: 158 Y Actual Speed: 0.025 Z Position: 119 Z Actual Speed: 0
2017-07-11T15:06:10.285-0400 Received TestBed Message: TimeStamp: 1499799970285 X Position: 197.9999 X Actual Speed: -0.075 Y Position: 157.9999 Y Actual Speed: -0.05 Z Position: 119 Z Actual Speed: 0
2017-07-11T15:06:10.186-0400 Received TestBed Message: TimeStamp: 1499799970186 X Position: 198.0003 X Actual Speed: 0.09999999 Y Position: 158.0001 Y Actual Speed: 0.075 Z Position: 119 Z Actual Speed: 0
2017-07-11T15:06:10.586-0400 Received TestBed Message: TimeStamp: 1499799970586 X Position: 197.9999 X Actual Speed: -0.075 Y Position: 158 Y Actual Speed: 0 Z Position: 119 Z Actual Speed: 0
2017-07-11T15:06:10.379-0400 Received TestBed Message: TimeStamp: 1499799970379 X Position: 198.0002 X Actual Speed: 0.075 Y Position: 158 Y Actual Speed: 0.025 Z Position: 119 Z Actual Speed: 0
2017-07-11T15:06:10.779-0400 Received TestBed Message: TimeStamp: 1499799970779 X Position: 198.0003 X Actual Speed: 0.09999999 Y Position: 158.0001 Y Actual Speed: 0.05 Z Position: 119 Z Actual Speed: 0
2017-07-11T15:05:31.542-0400 Received TestBed Message: TimeStamp: 1499799931542 X Position: 197.9999 X Actual Speed: -0.075 Y Position: 157.9998 Y Actual Speed: -0.075 Z Position: 119 Z Actual Speed: 0
2017-07-11T15:05:31.445-0400 Received TestBed Message: TimeStamp: 1499799931445 X Position: 198 X Actual Speed: 0 Y Position: 158 Y Actual Speed: 0.025 Z Position: 119 Z Actual Speed: 0
2017-07-11T15:05:32.244-0400 Received TestBed Message: TimeStamp: 1499799932244 X Position: 198.0001 X Actual Speed: 0.05 Y Position: 158 Y Actual Speed: 0.025 Z Position: 119 Z Actual Speed: 0
2017-07-11T15:05:31.843-0400 Received TestBed Message: TimeStamp: 1499799931843 X Position: 197.9999 X Actual Speed: -0.075 Y Position: 157.9999 Y Actual Speed: -0.05 Z Position: 119 Z Actual Speed: 0
2017-07-11T15:05:31.745-0400 Received TestBed Message: TimeStamp: 1499799931745 X Position: 198 X Actual Speed: 0 Y Position: 158 Y Actual Speed: 0.025 Z Position: 119 Z Actual Speed: 0
2017-07-11T15:05:32.144-0400 Received TestBed Message: TimeStamp: 1499799932144 X Position: 197.9999 X Actual Speed: -0.075 Y Position: 158 Y Actual Speed: 0.025 Z Position: 119 Z Actual Speed: 0
2017-07-11T15:05:32.046-0400 Received TestBed Message: TimeStamp: 1499799932046 X Position: 198 X Actual Speed: 0.025 Y Position: 158 Y Actual Speed: 0.025 Z Position: 119 Z Actual Speed: 0
2017-07-11T15:05:32.444-0400 Received TestBed Message: TimeStamp: 1499799932444 X Position: 198 X Actual Speed: 0.025 Y Position: 158 Y Actual Speed: 0.05 Z Position: 119 Z Actual Speed: 0
2017-07-11T15:05:31.643-0400 Received TestBed Message: TimeStamp: 1499799931643 X Position: 198 X Actual Speed: -0.025 Y Position: 157.9999 Y Actual Speed: -0.05 Z Position: 119 Z Actual Speed: 0
2017-07-11T15:05:32.346-0400 Received TestBed Message: TimeStamp: 1499799932346 X Position: 198 X Actual Speed: 0 Y Position: 158.0001 Y Actual Speed: 0.05 Z Position: 119 Z Actual Speed: 0
2017-07-11T15:05:31.945-0400 Received TestBed Message: TimeStamp: 1499799931945 X Position: 198.0001 X Actual Speed: 0.05 Y Position: 158 Y Actual Speed: 0.025 Z Position: 119 Z Actual Speed: 0
2017-07-11T15:05:34.949-0400 Received TestBed Message: TimeStamp: 1499799934949 X Position: 198.0001 X Actual Speed: 0 Y Position: 158 Y Actual Speed: 0 Z Position: 119 Z Actual Speed: 0
2017-07-11T15:05:35.348-0400 Received TestBed Message: TimeStamp: 1499799935348 X Position: 198 X Actual Speed: -0.025 Y Position: 157.9999 Y Actual Speed: -0.025 Z Position: 119 Z Actual Speed: 0
2017-07-11T15:05:35.249-0400 Received TestBed Message: TimeStamp: 1499799935249 X Position: 198 X Actual Speed: -0.025 Y Position: 158 Y Actual Speed: -0.025 Z Position: 119 Z Actual Speed: 0
2017-07-11T15:05:34.848-0400 Received TestBed Message: TimeStamp: 1499799934848 X Position: 197.9999 X Actual Speed: -0.05 Y Position: 158 Y Actual Speed: 0 Z Position: 119 Z Actual Speed: 0
2017-07-11T15:05:35.455-0400 Received TestBed Message: TimeStamp: 1499799935455 X Position: 198 X Actual Speed: 0 Y Position: 158 Y Actual Speed: 0 Z Position: 119 Z Actual Speed: 0
2017-07-11T15:05:35.053-0400 Received TestBed Message: TimeStamp: 1499799935053 X Position: 198 X Actual Speed: 0 Y Position: 158 Y Actual Speed: 0 Z Position: 119 Z Actual Speed: 0
2017-07-11T15:05:35.149-0400 Received TestBed Message: TimeStamp: 1499799935149 X Position: 198 X Actual Speed: -0.025 Y Position: 157.9999 Y Actual Speed: -0.025 Z Position: 119 Z Actual Speed: 0
2017-07-11T15:05:35.549-0400 Received TestBed Message: TimeStamp: 1499799935549 X Position: 198 X Actual Speed: -0.025 Y Position: 158 Y Actual Speed: 0 Z Position: 119 Z Actual Speed: 0
2017-07-11T15:05:34.748-0400 Received TestBed Message: TimeStamp: 1499799934748 X Position: 197.9999 X Actual Speed: -0.05 Y Position: 158 Y Actual Speed: 0 Z Position: 119 Z Actual Speed: 0
2017-07-11T15:05:34.648-0400 Received TestBed Message: TimeStamp: 1499799934648 X Position: 198 X Actual Speed: -0.025 Y Position: 158 Y Actual Speed: -0.025 Z Position: 119 Z Actual Speed: 0
2017-07-11T15:05:38.054-0400 Received TestBed Message: TimeStamp: 1499799938054 X Position: 198 X Actual Speed: 0.025 Y Position: 158 Y Actual Speed: 0.025 Z Position: 119 Z Actual Speed: 0
2017-07-11T15:05:37.955-0400 Received TestBed Message: TimeStamp: 1499799937955 X Position: 198.0001 X Actual Speed: 0.025 Y Position: 158 Y Actual Speed: 0.025 Z Position: 119 Z Actual Speed: 0
2017-07-11T15:05:38.354-0400 Received TestBed Message: TimeStamp: 1499799938354 X Position: 198.0001 X Actual Speed: 0.05 Y Position: 158 Y Actual Speed: 0.025 Z Position: 119 Z Actual Speed: 0
2017-07-11T15:05:38.254-0400 Received TestBed Message: TimeStamp: 1499799938254 X Position: 198 X Actual Speed: -0.025 Y Position: 158 Y Actual Speed: 0 Z Position: 119 Z Actual Speed: 0
2017-07-11T15:05:37.853-0400 Received TestBed Message: TimeStamp: 1499799937853 X Position: 198.0001 X Actual Speed: 0.05 Y Position: 158.0001 Y Actual Speed: 0.025 Z Position: 119 Z Actual Speed: 0
2017-07-11T15:05:38.556-0400 Received TestBed Message: TimeStamp: 1499799938556 X Position: 198.0001 X Actual Speed: 0.025 Y Position: 158 Y Actual Speed: 0.025 Z Position: 119 Z Actual Speed: 0
2017-07-11T15:05:38.154-0400 Received TestBed Message: TimeStamp: 1499799938154 X Position: 198.0002 X Actual Speed: 0.075 Y Position: 158 Y Actual Speed: 0 Z Position: 119 Z Actual Speed: 0
2017-07-11T15:05:37.753-0400 Received TestBed Message: TimeStamp: 1499799937753 X Position: 198.0002 X Actual Speed: 0.075 Y Position: 158.0001 Y Actual Speed: 0.05 Z Position: 119 Z Actual Speed: 0
2017-07-11T15:05:37.656-0400 Received TestBed Message: TimeStamp: 1499799937656 X Position: 198.0001 X Actual Speed: 0.025 Y Position: 158 Y Actual Speed: 0 Z Position: 119 Z Actual Speed: 0
2017-07-11T15:05:38.456-0400 Received TestBed Message: TimeStamp: 1499799938456 X Position: 198 X Actual Speed: 0 Y Position: 157.9999 Y Actual Speed: -0.05 Z Position: 119 Z Actual Speed: 0
2017-07-11T15:05:41.158-0400 Received TestBed Message: TimeStamp: 1499799941158 X Position: 198.0001 X Actual Speed: 0 Y Position: 157.9999 Y Actual Speed: -0.05 Z Position: 119 Z Actual Speed: 0
2017-07-11T15:05:41.557-0400 Received TestBed Message: TimeStamp: 1499799941557 X Position: 197.9999 X Actual Speed: -0.05 Y Position: 158 Y Actual Speed: -0.05 Z Position: 119 Z Actual Speed: 0
2017-07-11T15:05:40.963-0400 Received TestBed Message: TimeStamp: 1499799940963 X Position: 198 X Actual Speed: -0.025 Y Position: 157.9999 Y Actual Speed: -0.05 Z Position: 119 Z Actual Speed: 0
2017-07-11T15:05:40.754-0400 Received TestBed Message: TimeStamp: 1499799940754 X Position: 198.0001 X Actual Speed: 0.05 Y Position: 158.0002 Y Actual Speed: 0.075 Z Position: 119 Z Actual Speed: 0
2017-07-11T15:05:41.458-0400 Received TestBed Message: TimeStamp: 1499799941458 X Position: 197.9999 X Actual Speed: -0.05 Y Position: 157.9999 Y Actual Speed: -0.075 Z Position: 119 Z Actual Speed: 0
2017-07-11T15:05:41.057-0400 Received TestBed Message: TimeStamp: 1499799941057 X Position: 197.9999 X Actual Speed: -0.075 Y Position: 157.9999 Y Actual Speed: -0.075 Z Position: 119 Z Actual Speed: 0
2017-07-11T15:05:40.656-0400 Received TestBed Message: TimeStamp: 1499799940656 X Position: 198.0001 X Actual Speed: 0.05 Y Position: 158.0001 Y Actual Speed: 0.075 Z Position: 119 Z Actual Speed: 0
2017-07-11T15:05:41.357-0400 Received TestBed Message: TimeStamp: 1499799941357 X Position: 197.9999 X Actual Speed: -0.075 Y Position: 158 Y Actual Speed: -0.025 Z Position: 119 Z Actual Speed: 0
2017-07-11T15:05:40.857-0400 Received TestBed Message: TimeStamp: 1499799940857 X Position: 197.9999 X Actual Speed: -0.05 Y Position: 157.9999 Y Actual Speed: -0.05 Z Position: 119 Z Actual Speed: 0
2017-07-11T15:05:41.257-0400 Received TestBed Message: TimeStamp: 1499799941257 X Position: 197.9999 X Actual Speed: -0.075 Y Position: 157.9999 Y Actual Speed: -0.05 Z Position: 119 Z Actual Speed: 0
2017-07-11T15:05:44.262-0400 Received TestBed Message: TimeStamp: 1499799944262 X Position: 197.9999 X Actual Speed: -0.075 Y Position: 157.9999 Y Actual Speed: -0.05 Z Position: 119 Z Actual Speed: 0
2017-07-11T15:05:43.764-0400 Received TestBed Message: TimeStamp: 1499799943764 X Position: 198 X Actual Speed: -0.025 Y Position: 158 Y Actual Speed: 0 Z Position: 119 Z Actual Speed: 0
2017-07-11T15:05:44.562-0400 Received TestBed Message: TimeStamp: 1499799944562 X Position: 197.9999 X Actual Speed: -0.05 Y Position: 157.9999 Y Actual Speed: -0.05 Z Position: 119 Z Actual Speed: 0
2017-07-11T15:05:43.665-0400 Received TestBed Message: TimeStamp: 1499799943665 X Position: 198.0001 X Actual Speed: 0.025 Y Position: 158 Y Actual Speed: 0 Z Position: 119 Z Actual Speed: 0
2017-07-11T15:05:44.465-0400 Received TestBed Message: TimeStamp: 1499799944465 X Position: 197.9999 X Actual Speed: -0.075 Y Position: 157.9999 Y Actual Speed: -0.05 Z Position: 119 Z Actual Speed: 0
2017-07-11T15:05:44.064-0400 Received TestBed Message: TimeStamp: 1499799944064 X Position: 198 X Actual Speed: 0.025 Y Position: 158.0001 Y Actual Speed: 0.05 Z Position: 119 Z Actual Speed: 0
2017-07-11T15:05:43.965-0400 Received TestBed Message: TimeStamp: 1499799943965 X Position: 198.0001 X Actual Speed: 0 Y Position: 157.9999 Y Actual Speed: -0.025 Z Position: 119 Z Actual Speed: 0
2017-07-11T15:05:44.363-0400 Received TestBed Message: TimeStamp: 1499799944363 X Position: 197.9999 X Actual Speed: -0.075 Y Position: 157.9999 Y Actual Speed: -0.075 Z Position: 119 Z Actual Speed: 0
2017-07-11T15:05:43.865-0400 Received TestBed Message: TimeStamp: 1499799943865 X Position: 198 X Actual Speed: -0.025 Y Position: 158 Y Actual Speed: 0 Z Position: 119 Z Actual Speed: 0
2017-07-11T15:05:44.168-0400 Received TestBed Message: TimeStamp: 1499799944168 X Position: 198 X Actual Speed: -0.025 Y Position: 158 Y Actual Speed: 0 Z Position: 119 Z Actual Speed: 0
2017-07-11T15:05:47.062-0400 Received TestBed Message: TimeStamp: 1499799947062 X Position: 197.9999 X Actual Speed: -0.09999999 Y Position: 157.9998 Y Actual Speed: -0.075 Z Position: 119 Z Actual Speed: 0
2017-07-11T15:05:46.663-0400 Received TestBed Message: TimeStamp: 1499799946663 X Position: 198.0001 X Actual Speed: 0.05 Y Position: 158 Y Actual Speed: 0.025 Z Position: 119 Z Actual Speed: 0
2017-07-11T15:05:47.362-0400 Received TestBed Message: TimeStamp: 1499799947362 X Position: 197.9999 X Actual Speed: -0.075 Y Position: 157.9999 Y Actual Speed: -0.05 Z Position: 119 Z Actual Speed: 0
2017-07-11T15:05:46.963-0400 Received TestBed Message: TimeStamp: 1499799946963 X Position: 197.9999 X Actual Speed: -0.09999999 Y Position: 157.9998 Y Actual Speed: -0.09999999 Z Position: 119 Z Actual Speed: 0
2017-07-11T15:05:46.865-0400 Received TestBed Message: TimeStamp: 1499799946865 X Position: 197.9998 X Actual Speed: -0.09999999 Y Position: 157.9999 Y Actual Speed: -0.075 Z Position: 119 Z Actual Speed: 0
2017-07-11T15:05:47.263-0400 Received TestBed Message: TimeStamp: 1499799947263 X Position: 197.9999 X Actual Speed: -0.075 Y Position: 157.9998 Y Actual Speed: -0.075 Z Position: 119 Z Actual Speed: 0
2017-07-11T15:05:46.764-0400 Received TestBed Message: TimeStamp: 1499799946764 X Position: 198 X Actual Speed: -0.025 Y Position: 158 Y Actual Speed: 0 Z Position: 119 Z Actual Speed: 0
2017-07-11T15:05:47.164-0400 Received TestBed Message: TimeStamp: 1499799947164 X Position: 197.9999 X Actual Speed: -0.09999999 Y Position: 157.9999 Y Actual Speed: -0.05 Z Position: 119 Z Actual Speed: 0
2017-07-11T15:05:47.564-0400 Received TestBed Message: TimeStamp: 1499799947564 X Position: 198.0001 X Actual Speed: 0 Y Position: 158 Y Actual Speed: 0 Z Position: 119 Z Actual Speed: 0
2017-07-11T15:05:47.464-0400 Received TestBed Message: TimeStamp: 1499799947464 X Position: 197.9999 X Actual Speed: -0.09999999 Y Position: 157.9998 Y Actual Speed: -0.09999999 Z Position: 119 Z Actual Speed: 0
2017-07-11T15:05:49.975-0400 Received TestBed Message: TimeStamp: 1499799949975 X Position: 197.9999 X Actual Speed: -0.075 Y Position: 157.9999 Y Actual Speed: -0.05 Z Position: 119 Z Actual Speed: 0
2017-07-11T15:05:50.274-0400 Received TestBed Message: TimeStamp: 1499799950274 X Position: 197.9999 X Actual Speed: -0.05 Y Position: 157.9999 Y Actual Speed: -0.025 Z Position: 119 Z Actual Speed: 0
2017-07-11T15:05:49.875-0400 Received TestBed Message: TimeStamp: 1499799949875 X Position: 197.9999 X Actual Speed: -0.05 Y Position: 157.9999 Y Actual Speed: -0.05 Z Position: 119 Z Actual Speed: 0
2017-07-11T15:05:49.776-0400 Received TestBed Message: TimeStamp: 1499799949776 X Position: 197.9999 X Actual Speed: -0.05 Y Position: 157.9999 Y Actual Speed: -0.05 Z Position: 119 Z Actual Speed: 0
2017-07-11T15:05:50.175-0400 Received TestBed Message: TimeStamp: 1499799950175 X Position: 197.9999 X Actual Speed: -0.05 Y Position: 157.9998 Y Actual Speed: -0.075 Z Position: 119 Z Actual Speed: 0
2017-07-11T15:05:50.573-0400 Received TestBed Message: TimeStamp: 1499799950573 X Position: 198 X Actual Speed: -0.025 Y Position: 157.9999 Y Actual Speed: -0.075 Z Position: 119 Z Actual Speed: 0
2017-07-11T15:05:49.675-0400 Received TestBed Message: TimeStamp: 1499799949675 X Position: 198 X Actual Speed: -0.025 Y Position: 157.9999 Y Actual Speed: -0.05 Z Position: 119 Z Actual Speed: 0
2017-07-11T15:05:50.075-0400 Received TestBed Message: TimeStamp: 1499799950075 X Position: 198 X Actual Speed: -0.025 Y Position: 157.9999 Y Actual Speed: -0.05 Z Position: 119 Z Actual Speed: 0
2017-07-11T15:05:50.377-0400 Received TestBed Message: TimeStamp: 1499799950377 X Position: 198.0001 X Actual Speed: 0.05 Y Position: 158 Y Actual Speed: 0.025 Z Position: 119 Z Actual Speed: 0
2017-07-11T15:05:50.473-0400 Received TestBed Message: TimeStamp: 1499799950473 X Position: 197.9999 X Actual Speed: -0.075 Y Position: 157.9999 Y Actual Speed: -0.05 Z Position: 119 Z Actual Speed: 0
2017-07-11T15:05:53.174-0400 Received TestBed Message: TimeStamp: 1499799953174 X Position: 197.9999 X Actual Speed: -0.05 Y Position: 157.9999 Y Actual Speed: -0.05 Z Position: 119 Z Actual Speed: 0
2017-07-11T15:05:53.574-0400 Received TestBed Message: TimeStamp: 1499799953574 X Position: 197.9999 X Actual Speed: -0.075 Y Position: 157.9998 Y Actual Speed: -0.075 Z Position: 119 Z Actual Speed: 0
2017-07-11T15:05:52.775-0400 Received TestBed Message: TimeStamp: 1499799952775 X Position: 197.9999 X Actual Speed: -0.075 Y Position: 157.9997 Y Actual Speed: -0.125 Z Position: 119 Z Actual Speed: 0
2017-07-11T15:05:53.075-0400 Received TestBed Message: TimeStamp: 1499799953075 X Position: 197.9999 X Actual Speed: -0.075 Y Position: 157.9998 Y Actual Speed: -0.09999999 Z Position: 119 Z Actual Speed: 0
2017-07-11T15:05:53.475-0400 Received TestBed Message: TimeStamp: 1499799953475 X Position: 197.9999 X Actual Speed: -0.075 Y Position: 157.9999 Y Actual Speed: -0.05 Z Position: 119 Z Actual Speed: 0
2017-07-11T15:05:53.376-0400 Received TestBed Message: TimeStamp: 1499799953376 X Position: 197.9999 X Actual Speed: -0.075 Y Position: 157.9998 Y Actual Speed: -0.075 Z Position: 119 Z Actual Speed: 0
2017-07-11T15:05:52.974-0400 Received TestBed Message: TimeStamp: 1499799952974 X Position: 197.9998 X Actual Speed: -0.125 Y Position: 157.9999 Y Actual Speed: -0.05 Z Position: 119 Z Actual Speed: 0
2017-07-11T15:05:53.675-0400 Received TestBed Message: TimeStamp: 1499799953675 X Position: 197.9999 X Actual Speed: -0.075 Y Position: 157.9998 Y Actual Speed: -0.09999999 Z Position: 119 Z Actual Speed: 0
2017-07-11T15:05:52.873-0400 Received TestBed Message: TimeStamp: 1499799952873 X Position: 197.9999 X Actual Speed: -0.09999999 Y Position: 157.9998 Y Actual Speed: -0.075 Z Position: 119 Z Actual Speed: 0
2017-07-11T15:05:53.273-0400 Received TestBed Message: TimeStamp: 1499799953273 X Position: 197.9999 X Actual Speed: -0.075 Y Position: 157.9999 Y Actual Speed: -0.075 Z Position: 119 Z Actual Speed: 0
2017-07-11T15:05:55.975-0400 Received TestBed Message: TimeStamp: 1499799955975 X Position: 197.9999 X Actual Speed: -0.075 Y Position: 157.9999 Y Actual Speed: -0.05 Z Position: 119 Z Actual Speed: 0
2017-07-11T15:05:56.375-0400 Received TestBed Message: TimeStamp: 1499799956375 X Position: 197.9999 X Actual Speed: -0.075 Y Position: 157.9999 Y Actual Speed: -0.05 Z Position: 119 Z Actual Speed: 0
2017-07-11T15:05:56.276-0400 Received TestBed Message: TimeStamp: 1499799956276 X Position: 197.9999 X Actual Speed: -0.09999999 Y Position: 157.9999 Y Actual Speed: -0.05 Z Position: 119 Z Actual Speed: 0
2017-07-11T15:05:56.676-0400 Received TestBed Message: TimeStamp: 1499799956676 X Position: 197.9998 X Actual Speed: -0.125 Y Position: 157.9998 Y Actual Speed: -0.09999999 Z Position: 119 Z Actual Speed: 0
2017-07-11T15:05:55.875-0400 Received TestBed Message: TimeStamp: 1499799955875 X Position: 197.9999 X Actual Speed: -0.075 Y Position: 157.9998 Y Actual Speed: -0.075 Z Position: 119 Z Actual Speed: 0
2017-07-11T15:05:56.577-0400 Received TestBed Message: TimeStamp: 1499799956577 X Position: 198.0003 X Actual Speed: 0.125 Y Position: 158 Y Actual Speed: 0.05 Z Position: 119 Z Actual Speed: 0
2017-07-11T15:05:55.775-0400 Received TestBed Message: TimeStamp: 1499799955775 X Position: 197.9999 X Actual Speed: -0.09999999 Y Position: 157.9998 Y Actual Speed: -0.075 Z Position: 119 Z Actual Speed: 0
2017-07-11T15:05:56.175-0400 Received TestBed Message: TimeStamp: 1499799956175 X Position: 197.9999 X Actual Speed: -0.09999999 Y Position: 157.9998 Y Actual Speed: -0.09999999 Z Position: 119 Z Actual Speed: 0
2017-07-11T15:05:56.076-0400 Received TestBed Message: TimeStamp: 1499799956076 X Position: 197.9999 X Actual Speed: -0.075 Y Position: 157.9998 Y Actual Speed: -0.075 Z Position: 119 Z Actual Speed: 0
2017-07-11T15:05:56.475-0400 Received TestBed Message: TimeStamp: 1499799956475 X Position: 197.9999 X Actual Speed: -0.075 Y Position: 157.9998 Y Actual Speed: -0.09999999 Z Position: 119 Z Actual Speed: 0
2017-07-11T15:05:59.478-0400 Received TestBed Message: TimeStamp: 1499799959478 X Position: 198.0003 X Actual Speed: 0.125 Y Position: 158.0001 Y Actual Speed: 0.075 Z Position: 119 Z Actual Speed: 0
2017-07-11T15:05:59.077-0400 Received TestBed Message: TimeStamp: 1499799959077 X Position: 198.0002 X Actual Speed: 0.09999999 Y Position: 158 Y Actual Speed: 0.05 Z Position: 119 Z Actual Speed: 0
2017-07-11T15:05:58.976-0400 Received TestBed Message: TimeStamp: 1499799958976 X Position: 198.0003 X Actual Speed: 0.125 Y Position: 158.0001 Y Actual Speed: 0.075 Z Position: 119 Z Actual Speed: 0
2017-07-11T15:05:59.377-0400 Received TestBed Message: TimeStamp: 1499799959377 X Position: 198.0002 X Actual Speed: 0.125 Y Position: 158.0001 Y Actual Speed: 0.075 Z Position: 119 Z Actual Speed: 0
2017-07-11T15:05:59.679-0400 Received TestBed Message: TimeStamp: 1499799959679 X Position: 198.0002 X Actual Speed: 0.075 Y Position: 158.0001 Y Actual Speed: 0.09999999 Z Position: 119 Z Actual Speed: 0
2017-07-11T15:05:58.876-0400 Received TestBed Message: TimeStamp: 1499799958876 X Position: 198.0003 X Actual Speed: 0.125 Y Position: 158.0001 Y Actual Speed: 0.075 Z Position: 119 Z Actual Speed: 0
2017-07-11T15:05:59.277-0400 Received TestBed Message: TimeStamp: 1499799959277 X Position: 198.0002 X Actual Speed: 0.09999999 Y Position: 158.0001 Y Actual Speed: 0.09999999 Z Position: 119 Z Actual Speed: 0
2017-07-11T15:05:59.578-0400 Received TestBed Message: TimeStamp: 1499799959578 X Position: 198.0003 X Actual Speed: 0.125 Y Position: 158.0001 Y Actual Speed: 0.09999999 Z Position: 119 Z Actual Speed: 0
2017-07-11T15:05:58.776-0400 Received TestBed Message: TimeStamp: 1499799958776 X Position: 198.0003 X Actual Speed: 0.125 Y Position: 158.0001 Y Actual Speed: 0.075 Z Position: 119 Z Actual Speed: 0
2017-07-11T15:05:59.176-0400 Received TestBed Message: TimeStamp: 1499799959176 X Position: 198.0002 X Actual Speed: 0.075 Y Position: 158.0001 Y Actual Speed: 0.09999999 Z Position: 119 Z Actual Speed: 0
2017-07-11T15:06:02.278-0400 Received TestBed Message: TimeStamp: 1499799962278 X Position: 198.0003 X Actual Speed: 0.125 Y Position: 158.0001 Y Actual Speed: 0.09999999 Z Position: 119 Z Actual Speed: 0
2017-07-11T15:06:01.877-0400 Received TestBed Message: TimeStamp: 1499799961877 X Position: 198.0003 X Actual Speed: 0.15 Y Position: 158.0002 Y Actual Speed: 0.125 Z Position: 119 Z Actual Speed: 0
2017-07-11T15:06:02.677-0400 Received TestBed Message: TimeStamp: 1499799962677 X Position: 198.0004 X Actual Speed: 0.175 Y Position: 158 Y Actual Speed: 0.05 Z Position: 119 Z Actual Speed: 0
2017-07-11T15:06:02.178-0400 Received TestBed Message: TimeStamp: 1499799962178 X Position: 198.0002 X Actual Speed: 0.09999999 Y Position: 158 Y Actual Speed: 0.05 Z Position: 119 Z Actual Speed: 0
2017-07-11T15:06:02.578-0400 Received TestBed Message: TimeStamp: 1499799962578 X Position: 198.0003 X Actual Speed: 0.125 Y Position: 158.0001 Y Actual Speed: 0.075 Z Position: 119 Z Actual Speed: 0
2017-07-11T15:06:01.777-0400 Received TestBed Message: TimeStamp: 1499799961777 X Position: 197.9997 X Actual Speed: -0.15 Y Position: 157.9998 Y Actual Speed: -0.09999999 Z Position: 119 Z Actual Speed: 0
2017-07-11T15:06:02.077-0400 Received TestBed Message: TimeStamp: 1499799962077 X Position: 198.0002 X Actual Speed: 0.125 Y Position: 158.0002 Y Actual Speed: 0.125 Z Position: 119 Z Actual Speed: 0
2017-07-11T15:06:02.477-0400 Received TestBed Message: TimeStamp: 1499799962477 X Position: 198.0004 X Actual Speed: 0.15 Y Position: 158.0001 Y Actual Speed: 0.09999999 Z Position: 119 Z Actual Speed: 0
2017-07-11T15:06:02.379-0400 Received TestBed Message: TimeStamp: 1499799962379 X Position: 198.0002 X Actual Speed: 0.09999999 Y Position: 158.0001 Y Actual Speed: 0.09999999 Z Position: 119 Z Actual Speed: 0
2017-07-11T15:06:01.977-0400 Received TestBed Message: TimeStamp: 1499799961977 X Position: 198.0003 X Actual Speed: 0.125 Y Position: 158.0002 Y Actual Speed: 0.09999999 Z Position: 119 Z Actual Speed: 0
2017-07-11T15:06:05.077-0400 Received TestBed Message: TimeStamp: 1499799965077 X Position: 198.0004 X Actual Speed: 0.15 Y Position: 158.0002 Y Actual Speed: 0.125 Z Position: 119 Z Actual Speed: 0
2017-07-11T15:06:04.978-0400 Received TestBed Message: TimeStamp: 1499799964978 X Position: 198.0003 X Actual Speed: 0.125 Y Position: 158.0001 Y Actual Speed: 0.09999999 Z Position: 119 Z Actual Speed: 0
2017-07-11T15:06:05.378-0400 Received TestBed Message: TimeStamp: 1499799965378 X Position: 198.0004 X Actual Speed: 0.15 Y Position: 158.0001 Y Actual Speed: 0.09999999 Z Position: 119 Z Actual Speed: 0
2017-07-11T15:06:05.475-0400 Received TestBed Message: TimeStamp: 1499799965475 X Position: 197.9999 X Actual Speed: -0.075 Y Position: 157.9997 Y Actual Speed: -0.09999999 Z Position: 119 Z Actual Speed: 0
2017-07-11T15:06:05.776-0400 Received TestBed Message: TimeStamp: 1499799965776 X Position: 198.0003 X Actual Speed: 0.125 Y Position: 158.0001 Y Actual Speed: 0.05 Z Position: 119 Z Actual Speed: 0
2017-07-11T15:06:04.878-0400 Received TestBed Message: TimeStamp: 1499799964878 X Position: 198.0004 X Actual Speed: 0.15 Y Position: 158.0001 Y Actual Speed: 0.075 Z Position: 119 Z Actual Speed: 0
2017-07-11T15:06:05.277-0400 Received TestBed Message: TimeStamp: 1499799965277 X Position: 198.0004 X Actual Speed: 0.15 Y Position: 158.0001 Y Actual Speed: 0.09999999 Z Position: 119 Z Actual Speed: 0
2017-07-11T15:06:05.677-0400 Received TestBed Message: TimeStamp: 1499799965677 X Position: 198.0003 X Actual Speed: 0.125 Y Position: 158.0002 Y Actual Speed: 0.125 Z Position: 119 Z Actual Speed: 0
2017-07-11T15:06:04.777-0400 Received TestBed Message: TimeStamp: 1499799964777 X Position: 198.0003 X Actual Speed: 0.125 Y Position: 158.0001 Y Actual Speed: 0.075 Z Position: 119 Z Actual Speed: 0
2017-07-11T15:06:05.177-0400 Received TestBed Message: TimeStamp: 1499799965177 X Position: 198.0004 X Actual Speed: 0.15 Y Position: 158.0001 Y Actual Speed: 0.075 Z Position: 119 Z Actual Speed: 0
2017-07-11T15:06:05.577-0400 Received TestBed Message: TimeStamp: 1499799965577 X Position: 198.0003 X Actual Speed: 0.15 Y Position: 158.0001 Y Actual Speed: 0.075 Z Position: 119 Z Actual Speed: 0
2017-07-11T15:06:07.878-0400 Received TestBed Message: TimeStamp: 1499799967878 X Position: 198.0003 X Actual Speed: 0.125 Y Position: 158.0001 Y Actual Speed: 0.075 Z Position: 119 Z Actual Speed: 0
2017-07-11T15:06:08.277-0400 Received TestBed Message: TimeStamp: 1499799968277 X Position: 198.0003 X Actual Speed: 0.125 Y Position: 158 Y Actual Speed: 0.025 Z Position: 119 Z Actual Speed: 0
2017-07-11T15:06:08.677-0400 Received TestBed Message: TimeStamp: 1499799968677 X Position: 198.0002 X Actual Speed: 0.075 Y Position: 158.0001 Y Actual Speed: 0.05 Z Position: 119 Z Actual Speed: 0
2017-07-11T15:06:08.177-0400 Received TestBed Message: TimeStamp: 1499799968177 X Position: 198.0003 X Actual Speed: 0.125 Y Position: 158 Y Actual Speed: 0.025 Z Position: 119 Z Actual Speed: 0
2017-07-11T15:06:08.577-0400 Received TestBed Message: TimeStamp: 1499799968577 X Position: 198.0003 X Actual Speed: 0.125 Y Position: 158.0001 Y Actual Speed: 0.05 Z Position: 119 Z Actual Speed: 0
2017-07-11T15:06:08.077-0400 Received TestBed Message: TimeStamp: 1499799968077 X Position: 198.0002 X Actual Speed: 0.075 Y Position: 158.0001 Y Actual Speed: 0.075 Z Position: 119 Z Actual Speed: 0
2017-07-11T15:06:08.477-0400 Received TestBed Message: TimeStamp: 1499799968477 X Position: 198.0002 X Actual Speed: 0.09999999 Y Position: 158 Y Actual Speed: 0.025 Z Position: 119 Z Actual Speed: 0
2017-07-11T15:06:07.978-0400 Received TestBed Message: TimeStamp: 1499799967978 X Position: 198.0004 X Actual Speed: 0.175 Y Position: 158.0001 Y Actual Speed: 0.075 Z Position: 119 Z Actual Speed: 0
2017-07-11T15:06:08.377-0400 Received TestBed Message: TimeStamp: 1499799968377 X Position: 198.0002 X Actual Speed: 0.09999999 Y Position: 158.0001 Y Actual Speed: 0.075 Z Position: 119 Z Actual Speed: 0
2017-07-11T15:06:08.777-0400 Received TestBed Message: TimeStamp: 1499799968777 X Position: 198.0003 X Actual Speed: 0.125 Y Position: 158.0001 Y Actual Speed: 0.075 Z Position: 119 Z Actual Speed: 0
